2021.01.15 09:51:22 INFO  Started: Metals version 0.9.8 in workspace '/home/raju/my-projects/bankapp' for client vscode.
2021.01.15 09:51:23 INFO  time: initialize in 0.67s
2021.01.15 09:51:23 WARN  Build server is not auto-connectable.
2021.01.15 09:52:25 WARN  no build target for: /home/raju/my-projects/bankapp/src/main/scala/com/revature/bankapp/Runner.scala
2021.01.15 09:52:26 INFO  no build target: using presentation compiler with only scala-library
Jan 15, 2021 9:55:11 AM org.eclipse.lsp4j.jsonrpc.services.GenericEndpoint notify
INFO: Unsupported notification method: $/setTraceNotification
Jan 15, 2021 9:55:11 AM org.eclipse.lsp4j.jsonrpc.services.GenericEndpoint notify
INFO: Unsupported notification method: $/setTraceNotification
Jan 15, 2021 9:55:12 AM org.eclipse.lsp4j.jsonrpc.services.GenericEndpoint notify
INFO: Unsupported notification method: $/setTraceNotification
Jan 15, 2021 9:55:13 AM org.eclipse.lsp4j.jsonrpc.services.GenericEndpoint notify
INFO: Unsupported notification method: $/setTraceNotification
Jan 15, 2021 9:55:13 AM org.eclipse.lsp4j.jsonrpc.services.GenericEndpoint notify
INFO: Unsupported notification method: $/setTraceNotification
Jan 15, 2021 9:55:13 AM org.eclipse.lsp4j.jsonrpc.services.GenericEndpoint notify
INFO: Unsupported notification method: $/setTraceNotification
Jan 15, 2021 9:55:15 AM org.eclipse.lsp4j.jsonrpc.services.GenericEndpoint notify
INFO: Unsupported notification method: $/setTraceNotification
Jan 15, 2021 9:55:15 AM org.eclipse.lsp4j.jsonrpc.services.GenericEndpoint notify
INFO: Unsupported notification method: $/setTraceNotification
Jan 15, 2021 9:55:15 AM org.eclipse.lsp4j.jsonrpc.services.GenericEndpoint notify
INFO: Unsupported notification method: $/setTraceNotification
Jan 15, 2021 9:55:15 AM org.eclipse.lsp4j.jsonrpc.services.GenericEndpoint notify
INFO: Unsupported notification method: $/setTraceNotification
2021.01.15 09:55:45 WARN  no build target for: /home/raju/my-projects/bankapp/src/main/scala/com/revature/bankapp/Runner.scala
2021.01.15 09:56:50 WARN  no build target for: /home/raju/my-projects/bankapp/src/main/scala/com/revature/bankapp/Runner.scala
2021.01.15 10:07:48 WARN  no build target for: /home/raju/my-projects/bankapp/src/main/scala/com/revature/bankapp/Runner.scala
2021.01.15 10:08:08 INFO  shutting down Metals
2021.01.16 06:20:18 INFO  Started: Metals version 0.9.8 in workspace '/home/raju/my-projects/bankapp' for client vscode.
2021.01.16 06:20:19 INFO  time: initialize in 0.84s
2021.01.16 06:20:20 INFO  Attempting to connect to the build server...
Starting the bsp launcher for bloop...
Opening a bsp server connection with 'bsp --protocol local --socket /tmp/bsp-launcher8175521854282617371/bsp.socket'...
Waiting for the bsp connection to come up...
2021.01.16 06:20:19 INFO  skipping build import with status 'Requested'
[0m[32m[D][0m Waiting for a connection at local:///tmp/bsp-launcher8175521854282617371/bsp.socket...
The server is listening for incoming connections at local:///tmp/bsp-launcher8175521854282617371/bsp.socket...
Starting thread that pumps stdin and redirects it to the bsp server...
Starting thread that pumps server stdout and redirects it to the client stdout...
2021.01.16 06:20:20 INFO  tracing is disabled for protocol BSP, to enable tracing of incoming and outgoing JSON messages create an empty file at /home/raju/.cache/metals/bsp.trace.json
2021.01.16 06:20:20 INFO  time: connected to build server in 0.28s
2021.01.16 06:20:20 INFO  Connected to Build server v1.4.6-15-209c2a5c
2021.01.16 06:20:20 ERROR Empty build targets. Expected at least one build target identifier.
2021.01.16 06:20:20 ERROR Empty build targets. Expected at least one build target identifier.
2021.01.16 06:20:20 ERROR Empty build targets. Expected at least one build target identifier.
2021.01.16 06:20:20 WARN  Could not find java sources in None. Java symbols will not be available.
2021.01.16 06:20:20 INFO  time: indexed workspace in 0.24s
2021.01.16 06:20:47 INFO  running '/usr/lib/jvm/java-8-openjdk-amd64/bin/java -Djline.terminal=jline.UnsupportedTerminal -Dsbt.log.noformat=true -Dfile.encoding=UTF-8 -jar /tmp/metals3016861456727850613/sbt-launch.jar -Dbloop.export-jar-classifiers=sources bloopInstall'
2021.01.16 06:20:47 WARN  no build target for: /home/raju/my-projects/bankapp/project/metals.sbt
2021.01.16 06:20:47 WARN  no build target for: /home/raju/my-projects/bankapp/project/project/metals.sbt
2021.01.16 06:20:47 INFO  skipping build import with status 'Started'
2021.01.16 06:20:48 INFO  [info] welcome to sbt 1.4.6 (Private Build Java 1.8.0_275)
2021.01.16 06:20:51 INFO  [info] loading settings for project bankapp-build-build from metals.sbt ...
2021.01.16 06:20:51 INFO  [info] loading project definition from /home/raju/my-projects/bankapp/project/project
2021.01.16 06:20:54 INFO  [info] loading settings for project bankapp-build from metals.sbt ...
2021.01.16 06:20:54 INFO  [info] loading project definition from /home/raju/my-projects/bankapp/project
2021.01.16 06:20:58 INFO  [success] Generated .bloop/bankapp-build.json
2021.01.16 06:20:58 INFO  [info] compiling 1 Scala source to /home/raju/my-projects/bankapp/project/target/scala-2.12/sbt-1.0/classes ...
2021.01.16 06:21:02 INFO  [info] done compiling
2021.01.16 06:21:02 INFO  [success] Total time: 7 s, completed Jan 16, 2021 6:21:02 AM
2021.01.16 06:21:04 INFO  [info] loading settings for project root from build.sbt ...
2021.01.16 06:21:04 INFO  [info] set current project to bankapp (in build file:/home/raju/my-projects/bankapp/)
2021.01.16 06:21:04 INFO  [success] Generated .bloop/root.json
2021.01.16 06:21:04 INFO  [success] Generated .bloop/root-test.json
2021.01.16 06:21:04 INFO  [success] Total time: 0 s, completed Jan 16, 2021 6:21:04 AM
2021.01.16 06:21:05 INFO  sbt bloopInstall exit: 0
2021.01.16 06:21:05 INFO  time: ran 'sbt bloopInstall' in 17s
2021.01.16 06:21:05 INFO  Disconnecting from Bloop session...
2021.01.16 06:21:05 INFO  Shut down connection with build server.
No more data in the client stdin, exiting...
No more data in the server stdin, exiting...2021.01.16 06:21:05 
INFO No more data in the server stdin, exiting... 
Attempting to connect to the build server...
Starting the bsp launcher for bloop...
Opening a bsp server connection with 'bsp --protocol local --socket /tmp/bsp-launcher1942465149228486576/bsp.socket'...
Waiting for the bsp connection to come up...
[0m[32m[D][0m Loading 2 projects from '/home/raju/my-projects/bankapp/.bloop'...
[0m[32m[D][0m Loading project from '/home/raju/my-projects/bankapp/.bloop/root.json'
[0m[32m[D][0m Loading project from '/home/raju/my-projects/bankapp/.bloop/root-test.json'
[0m[32m[D][0m Cache miss for scala instance org.scala-lang:scala-compiler:2.13.4.
[0m[32m[D][0m   => /home/raju/.cache/coursier/v1/https/repo1.maven.org/maven2/net/java/dev/jna/jna/5.3.1/jna-5.3.1.jar
[0m[32m[D][0m   => /home/raju/.cache/coursier/v1/https/repo1.maven.org/maven2/org/jline/jline/3.16.0/jline-3.16.0.jar
[0m[32m[D][0m   => /home/raju/.cache/coursier/v1/https/repo1.maven.org/maven2/org/scala-lang/scala-compiler/2.13.4/scala-compiler-2.13.4.jar
[0m[32m[D][0m   => /home/raju/.cache/coursier/v1/https/repo1.maven.org/maven2/org/scala-lang/scala-library/2.13.4/scala-library-2.13.4.jar
[0m[32m[D][0m   => /home/raju/.cache/coursier/v1/https/repo1.maven.org/maven2/org/scala-lang/scala-reflect/2.13.4/scala-reflect-2.13.4.jar
[0m[32m[D][0m Waiting for a connection at local:///tmp/bsp-launcher1942465149228486576/bsp.socket...
The server is listening for incoming connections at local:///tmp/bsp-launcher1942465149228486576/bsp.socket...
Starting thread that pumps stdin and redirects it to the bsp server...
Starting thread that pumps server stdout and redirects it to the client stdout...
2021.01.16 06:21:05 INFO  tracing is disabled for protocol BSP, to enable tracing of incoming and outgoing JSON messages create an empty file at /home/raju/.cache/metals/bsp.trace.json
2021.01.16 06:21:05 INFO  Attempting to connect to the build server...
Starting the bsp launcher for bloop...
Opening a bsp server connection with 'bsp --protocol local --socket /tmp/bsp-launcher3593408653335841963/bsp.socket'...
Waiting for the bsp connection to come up...
[0m[32m[D][0m Loading workspace settings from bloop.settings.json
[0m[32m[D][0m Waiting for a connection at local:///tmp/bsp-launcher3593408653335841963/bsp.socket...
The server is listening for incoming connections at local:///tmp/bsp-launcher3593408653335841963/bsp.socket...
Starting thread that pumps stdin and redirects it to the bsp server...
Starting thread that pumps server stdout and redirects it to the client stdout...
2021.01.16 06:21:05 INFO  tracing is disabled for protocol BSP, to enable tracing of incoming and outgoing JSON messages create an empty file at /home/raju/.cache/metals/bsp.trace.json
2021.01.16 06:21:05 INFO  time: connected to build server in 0.29s
2021.01.16 06:21:05 INFO  Connected to Build server v1.4.6-15-209c2a5c
2021.01.16 06:21:06 WARN  Could not find java sources in None. Java symbols will not be available.
2021.01.16 06:21:09 INFO  time: indexed workspace in 4.1s
2021.01.16 06:21:45 INFO  compiling root (2 scala sources)
2021.01.16 06:21:49 INFO  time: compiled root in 3.61s
Jan 16, 2021 6:22:08 AM org.eclipse.lsp4j.jsonrpc.RemoteEndpoint handleCancellation
WARNING: Unmatched cancel notification for request id 56
2021.01.16 06:22:18 INFO  compiling root (1 scala source)
2021.01.16 06:22:18 INFO  time: compiled root in 0.3s
2021.01.16 06:22:18 INFO  compiling root (1 scala source)
2021.01.16 06:22:18 INFO  time: compiled root in 0.11s
2021.01.16 06:24:56 INFO  compiling root (1 scala source)
2021.01.16 06:24:56 INFO  time: compiled root in 0.14s
2021.01.16 06:24:56 INFO  compiling root (1 scala source)
2021.01.16 06:24:56 INFO  time: compiled root in 97ms
2021.01.16 06:25:59 INFO  compiling root (1 scala source)
2021.01.16 06:25:59 INFO  time: compiled root in 0.19s
2021.01.16 06:25:59 INFO  compiling root (1 scala source)
2021.01.16 06:25:59 INFO  time: compiled root in 0.12s
2021.01.16 06:26:14 INFO  compiling root (1 scala source)
2021.01.16 06:26:14 INFO  time: compiled root in 0.15s
2021.01.16 06:26:14 INFO  compiling root (1 scala source)
2021.01.16 06:26:14 INFO  time: compiled root in 0.14s
2021.01.16 06:26:14 INFO  compiling root (1 scala source)
2021.01.16 06:26:14 INFO  time: compiled root in 86ms
2021.01.16 06:27:31 INFO  compiling root (1 scala source)
2021.01.16 06:27:31 INFO  time: compiled root in 0.13s
2021.01.16 06:27:46 INFO  compiling root (1 scala source)
2021.01.16 06:27:46 INFO  time: compiled root in 0.12s
2021.01.16 06:27:46 INFO  compiling root (1 scala source)
2021.01.16 06:27:46 INFO  time: compiled root in 76ms
2021.01.16 06:28:22 INFO  compiling root (1 scala source)
2021.01.16 06:28:22 INFO  time: compiled root in 0.11s
2021.01.16 06:28:22 INFO  compiling root (1 scala source)
2021.01.16 06:28:22 INFO  time: compiled root in 76ms
2021.01.16 06:28:41 INFO  compiling root (1 scala source)
2021.01.16 06:28:41 INFO  time: compiled root in 0.13s
2021.01.16 06:28:41 INFO  compiling root (1 scala source)
2021.01.16 06:28:41 INFO  time: compiled root in 70ms
2021.01.16 06:28:41 INFO  compiling root (1 scala source)
2021.01.16 06:28:41 INFO  time: compiled root in 0.13s
2021.01.16 06:28:41 INFO  compiling root (1 scala source)
2021.01.16 06:28:41 INFO  time: compiled root in 65ms
2021.01.16 06:28:42 INFO  compiling root (1 scala source)
2021.01.16 06:28:42 INFO  time: compiled root in 0.11s
2021.01.16 06:28:42 INFO  compiling root (1 scala source)
2021.01.16 06:28:42 INFO  time: compiled root in 62ms
2021.01.16 06:29:10 INFO  compiling root (1 scala source)
2021.01.16 06:29:10 INFO  time: compiled root in 99ms
2021.01.16 06:29:10 INFO  compiling root (1 scala source)
2021.01.16 06:29:10 INFO  time: compiled root in 65ms
2021.01.16 08:19:18 INFO  compiling root (3 scala sources)
2021.01.16 08:19:18 INFO  time: compiled root in 0.15s
2021.01.16 08:19:18 INFO  compiling root (3 scala sources)
2021.01.16 08:19:18 INFO  time: compiled root in 0.1s
2021.01.16 08:25:04 INFO  compiling root (3 scala sources)
2021.01.16 08:25:04 INFO  time: compiled root in 93ms
2021.01.16 12:22:16 INFO  compiling root (3 scala sources)
2021.01.16 12:22:16 INFO  time: compiled root in 0.35s
2021.01.16 12:22:16 INFO  compiling root (3 scala sources)
2021.01.16 12:22:16 INFO  time: compiled root in 57ms
2021.01.16 12:23:03 INFO  compiling root (3 scala sources)
2021.01.16 12:23:03 INFO  time: compiled root in 0.42s
2021.01.16 12:25:07 INFO  compiling root (4 scala sources)
2021.01.16 12:25:07 INFO  time: compiled root in 0.92s
2021.01.16 12:25:07 INFO  compiling root (4 scala sources)
2021.01.16 12:25:09 INFO  time: compiled root in 0.61s
2021.01.16 12:26:19 INFO  compiling root (4 scala sources)
2021.01.16 12:26:19 INFO  time: compiled root in 0.44s
2021.01.16 12:26:40 INFO  compiling root (4 scala sources)
2021.01.16 12:26:40 INFO  time: compiled root in 0.27s
2021.01.16 12:26:48 INFO  compiling root (4 scala sources)
2021.01.16 12:26:48 INFO  time: compiled root in 0.29s
2021.01.16 12:26:48 INFO  compiling root (4 scala sources)
2021.01.16 12:26:48 INFO  time: compiled root in 0.18s
2021.01.16 12:26:58 INFO  compiling root (4 scala sources)
2021.01.16 12:26:58 INFO  time: compiled root in 0.28s
2021.01.16 12:27:07 INFO  compiling root (4 scala sources)
2021.01.16 12:27:07 INFO  time: compiled root in 0.28s
2021.01.16 12:27:14 INFO  compiling root (4 scala sources)
2021.01.16 12:27:14 INFO  time: compiled root in 0.27s
2021.01.16 12:28:07 INFO  compiling root (4 scala sources)
2021.01.16 12:28:07 INFO  time: compiled root in 0.2s
2021.01.16 12:28:16 INFO  compiling root (4 scala sources)
2021.01.16 12:28:16 INFO  time: compiled root in 0.22s
2021.01.16 12:28:24 INFO  compiling root (4 scala sources)
2021.01.16 12:28:24 INFO  time: compiled root in 0.27s
2021.01.16 12:29:29 INFO  compiling root (4 scala sources)
2021.01.16 12:29:29 INFO  time: compiled root in 0.2s
2021.01.16 12:40:45 INFO  compiling root (4 scala sources)
2021.01.16 12:40:45 INFO  time: compiled root in 0.17s
2021.01.16 12:42:34 INFO  compiling root (5 scala sources)
2021.01.16 12:42:34 INFO  time: compiled root in 0.21s
2021.01.16 12:42:34 INFO  compiling root (5 scala sources)
2021.01.16 12:42:34 INFO  time: compiled root in 0.13s
2021.01.16 12:45:25 INFO  compiling root (5 scala sources)
2021.01.16 12:45:25 INFO  time: compiled root in 0.41s
2021.01.16 12:45:51 INFO  compiling root (5 scala sources)
2021.01.16 12:45:51 INFO  time: compiled root in 0.25s
2021.01.16 12:48:24 INFO  /home/raju/my-projects/bankapp/src/main/scala/com/revature/bankapp/cli/Command.scala:5:8: stale bloop error: object daos is not a member of package com.revature.bookapp
import com.revature.bookapp.daos.BookDao
       ^^^^^^^^^^^^^^^^^^^^^^^^^
2021.01.16 12:48:24 INFO  /home/raju/my-projects/bankapp/src/main/scala/com/revature/bankapp/cli/Command.scala:6:8: stale bloop error: object model is not a member of package com.revature.bookapp
import com.revature.bookapp.model.Book
       ^^^^^^^^^^^^^^^^^^^^^^^^^^
2021.01.16 12:48:24 INFO  /home/raju/my-projects/bankapp/src/main/scala/com/revature/bankapp/cli/Command.scala:85:5: stale bloop error: not found: value BookDao
    BookDao.getAll().foreach(println)
    ^^^^^^^
2021.01.16 12:48:24 INFO  /home/raju/my-projects/bankapp/src/main/scala/com/revature/bankapp/cli/Command.scala:89:5: stale bloop error: not found: value BookDao
    BookDao.get(title).foreach(println)
    ^^^^^^^
2021.01.16 12:48:24 INFO  /home/raju/my-projects/bankapp/src/main/scala/com/revature/bankapp/cli/Command.scala:101:11: stale bloop error: not found: value BookDao
      if (BookDao.saveNew(Book(0, titleInput, isbnInput))) {
          ^^^^^^^
2021.01.16 12:48:24 INFO  /home/raju/my-projects/bankapp/src/main/scala/com/revature/bankapp/cli/Command.scala:101:27: stale bloop error: not found: value Book
      if (BookDao.saveNew(Book(0, titleInput, isbnInput))) {
                          ^^^^
2021.01.16 12:48:24 INFO  /home/raju/my-projects/bankapp/src/main/scala/com/revature/bankapp/cli/Command.scala:5:8: stale bloop error: object daos is not a member of package com.revature.bookapp
import com.revature.bookapp.daos.BookDao
       ^^^^^^^^^^^^^^^^^^^^^^^^^
2021.01.16 12:48:24 INFO  /home/raju/my-projects/bankapp/src/main/scala/com/revature/bankapp/cli/Command.scala:6:8: stale bloop error: object model is not a member of package com.revature.bookapp
import com.revature.bookapp.model.Book
       ^^^^^^^^^^^^^^^^^^^^^^^^^^
2021.01.16 12:48:24 INFO  /home/raju/my-projects/bankapp/src/main/scala/com/revature/bankapp/cli/Command.scala:85:5: stale bloop error: not found: value BookDao
    BookDao.getAll().foreach(println)
    ^^^^^^^
2021.01.16 12:48:24 INFO  /home/raju/my-projects/bankapp/src/main/scala/com/revature/bankapp/cli/Command.scala:89:5: stale bloop error: not found: value BookDao
    BookDao.get(title).foreach(println)
    ^^^^^^^
2021.01.16 12:48:24 INFO  /home/raju/my-projects/bankapp/src/main/scala/com/revature/bankapp/cli/Command.scala:101:11: stale bloop error: not found: value BookDao
      if (BookDao.saveNew(Book(0, titleInput, isbnInput))) {
          ^^^^^^^
2021.01.16 12:48:24 INFO  /home/raju/my-projects/bankapp/src/main/scala/com/revature/bankapp/cli/Command.scala:101:27: stale bloop error: not found: value Book
      if (BookDao.saveNew(Book(0, titleInput, isbnInput))) {
                          ^^^^
2021.01.16 12:48:50 INFO  /home/raju/my-projects/bankapp/src/main/scala/com/revature/bankapp/cli/Command.scala:5:8: stale bloop error: object daos is not a member of package com.revature.bookapp
import com.revature.bookapp.daos.BookDao
       ^^^^^^^^^^^^^^^^^^^^^^^^^
2021.01.16 12:48:50 INFO  /home/raju/my-projects/bankapp/src/main/scala/com/revature/bankapp/cli/Command.scala:6:8: stale bloop error: object model is not a member of package com.revature.bookapp
import com.revature.bookapp.model.Book
       ^^^^^^^^^^^^^^^^^^^^^^^^^^
2021.01.16 12:48:50 INFO  /home/raju/my-projects/bankapp/src/main/scala/com/revature/bankapp/cli/Command.scala:85:5: stale bloop error: not found: value BookDao
    BookDao.getAll().foreach(println)
    ^^^^^^^
2021.01.16 12:48:50 INFO  /home/raju/my-projects/bankapp/src/main/scala/com/revature/bankapp/cli/Command.scala:89:5: stale bloop error: not found: value BookDao
    BookDao.get(title).foreach(println)
    ^^^^^^^
2021.01.16 12:48:50 INFO  /home/raju/my-projects/bankapp/src/main/scala/com/revature/bankapp/cli/Command.scala:101:11: stale bloop error: not found: value BookDao
      if (BookDao.saveNew(Book(0, titleInput, isbnInput))) {
          ^^^^^^^
2021.01.16 12:48:50 INFO  /home/raju/my-projects/bankapp/src/main/scala/com/revature/bankapp/cli/Command.scala:101:27: stale bloop error: not found: value Book
      if (BookDao.saveNew(Book(0, titleInput, isbnInput))) {
                          ^^^^
2021.01.16 12:48:50 INFO  /home/raju/my-projects/bankapp/src/main/scala/com/revature/bankapp/cli/Command.scala:5:8: stale bloop error: object daos is not a member of package com.revature.bookapp
import com.revature.bookapp.daos.BookDao
       ^^^^^^^^^^^^^^^^^^^^^^^^^
2021.01.16 12:48:50 INFO  /home/raju/my-projects/bankapp/src/main/scala/com/revature/bankapp/cli/Command.scala:6:8: stale bloop error: object model is not a member of package com.revature.bookapp
import com.revature.bookapp.model.Book
       ^^^^^^^^^^^^^^^^^^^^^^^^^^
2021.01.16 12:48:50 INFO  /home/raju/my-projects/bankapp/src/main/scala/com/revature/bankapp/cli/Command.scala:85:5: stale bloop error: not found: value BookDao
    BookDao.getAll().foreach(println)
    ^^^^^^^
2021.01.16 12:48:50 INFO  /home/raju/my-projects/bankapp/src/main/scala/com/revature/bankapp/cli/Command.scala:89:5: stale bloop error: not found: value BookDao
    BookDao.get(title).foreach(println)
    ^^^^^^^
2021.01.16 12:48:50 INFO  /home/raju/my-projects/bankapp/src/main/scala/com/revature/bankapp/cli/Command.scala:101:11: stale bloop error: not found: value BookDao
      if (BookDao.saveNew(Book(0, titleInput, isbnInput))) {
          ^^^^^^^
2021.01.16 12:48:50 INFO  /home/raju/my-projects/bankapp/src/main/scala/com/revature/bankapp/cli/Command.scala:101:27: stale bloop error: not found: value Book
      if (BookDao.saveNew(Book(0, titleInput, isbnInput))) {
                          ^^^^
2021.01.16 12:48:57 INFO  /home/raju/my-projects/bankapp/src/main/scala/com/revature/bankapp/cli/Command.scala:5:8: stale bloop error: object daos is not a member of package com.revature.bookapp
import com.revature.bookapp.daos.BookDao
       ^^^^^^^^^^^^^^^^^^^^^^^^^
2021.01.16 12:48:57 INFO  /home/raju/my-projects/bankapp/src/main/scala/com/revature/bankapp/cli/Command.scala:6:8: stale bloop error: object model is not a member of package com.revature.bookapp
import com.revature.bookapp.model.Book
       ^^^^^^^^^^^^^^^^^^^^^^^^^^
2021.01.16 12:48:57 INFO  /home/raju/my-projects/bankapp/src/main/scala/com/revature/bankapp/cli/Command.scala:85:5: stale bloop error: not found: value BookDao
    BookDao.getAll().foreach(println)
    ^^^^^^^
2021.01.16 12:48:57 INFO  /home/raju/my-projects/bankapp/src/main/scala/com/revature/bankapp/cli/Command.scala:89:5: stale bloop error: not found: value BookDao
    BookDao.get(title).foreach(println)
    ^^^^^^^
2021.01.16 12:48:57 INFO  /home/raju/my-projects/bankapp/src/main/scala/com/revature/bankapp/cli/Command.scala:101:11: stale bloop error: not found: value BookDao
      if (BookDao.saveNew(Book(0, titleInput, isbnInput))) {
          ^^^^^^^
2021.01.16 12:48:57 INFO  /home/raju/my-projects/bankapp/src/main/scala/com/revature/bankapp/cli/Command.scala:101:27: stale bloop error: not found: value Book
      if (BookDao.saveNew(Book(0, titleInput, isbnInput))) {
                          ^^^^
2021.01.16 12:48:57 INFO  /home/raju/my-projects/bankapp/src/main/scala/com/revature/bankapp/cli/Command.scala:5:8: stale bloop error: object daos is not a member of package com.revature.bookapp
import com.revature.bookapp.daos.BookDao
       ^^^^^^^^^^^^^^^^^^^^^^^^^
2021.01.16 12:48:57 INFO  /home/raju/my-projects/bankapp/src/main/scala/com/revature/bankapp/cli/Command.scala:6:8: stale bloop error: object model is not a member of package com.revature.bookapp
import com.revature.bookapp.model.Book
       ^^^^^^^^^^^^^^^^^^^^^^^^^^
2021.01.16 12:48:57 INFO  /home/raju/my-projects/bankapp/src/main/scala/com/revature/bankapp/cli/Command.scala:85:5: stale bloop error: not found: value BookDao
    BookDao.getAll().foreach(println)
    ^^^^^^^
2021.01.16 12:48:57 INFO  /home/raju/my-projects/bankapp/src/main/scala/com/revature/bankapp/cli/Command.scala:89:5: stale bloop error: not found: value BookDao
    BookDao.get(title).foreach(println)
    ^^^^^^^
2021.01.16 12:48:57 INFO  /home/raju/my-projects/bankapp/src/main/scala/com/revature/bankapp/cli/Command.scala:101:11: stale bloop error: not found: value BookDao
      if (BookDao.saveNew(Book(0, titleInput, isbnInput))) {
          ^^^^^^^
2021.01.16 12:48:57 INFO  /home/raju/my-projects/bankapp/src/main/scala/com/revature/bankapp/cli/Command.scala:101:27: stale bloop error: not found: value Book
      if (BookDao.saveNew(Book(0, titleInput, isbnInput))) {
                          ^^^^
2021.01.16 12:49:09 INFO  compiling root (5 scala sources)
2021.01.16 12:49:09 INFO  time: compiled root in 97ms
2021.01.16 12:49:38 INFO  /home/raju/my-projects/bankapp/src/main/scala/com/revature/bankapp/cli/Command.scala:110:5: stale bloop error: Unmatched closing brace '}' ignored here
    }
    ^
2021.01.16 12:49:38 INFO  /home/raju/my-projects/bankapp/src/main/scala/com/revature/bankapp/cli/Command.scala:110:5: stale bloop error: Unmatched closing brace '}' ignored here
    }
    ^
2021.01.16 12:49:40 INFO  /home/raju/my-projects/bankapp/src/main/scala/com/revature/bankapp/cli/Command.scala:110:5: stale bloop error: Unmatched closing brace '}' ignored here
    }
    ^
2021.01.16 12:49:40 INFO  /home/raju/my-projects/bankapp/src/main/scala/com/revature/bankapp/cli/Command.scala:110:5: stale bloop error: Unmatched closing brace '}' ignored here
    }
    ^
2021.01.16 12:49:43 INFO  compiling root (5 scala sources)
2021.01.16 12:49:43 INFO  time: compiled root in 0.32s
2021.01.16 12:49:58 INFO  compiling root (5 scala sources)
2021.01.16 12:49:58 INFO  time: compiled root in 0.31s
2021.01.16 12:50:07 INFO  compiling root (5 scala sources)
2021.01.16 12:50:07 INFO  time: compiled root in 0.38s
2021.01.16 12:50:14 INFO  compiling root (5 scala sources)
2021.01.16 12:50:14 INFO  time: compiled root in 0.32s
2021.01.16 12:50:23 INFO  compiling root (5 scala sources)
2021.01.16 12:50:23 INFO  time: compiled root in 0.19s
2021.01.16 12:50:47 INFO  compiling root (5 scala sources)
2021.01.16 12:50:47 INFO  time: compiled root in 0.31s
2021.01.16 12:52:02 INFO  compiling root (5 scala sources)
2021.01.16 12:52:02 INFO  time: compiled root in 0.27s
2021.01.16 12:52:23 INFO  compiling root (5 scala sources)
2021.01.16 12:52:25 INFO  time: compiled root in 2.82s
2021.01.16 12:53:05 INFO  compiling root (1 scala source)
2021.01.16 12:53:05 INFO  time: compiled root in 0.91s
2021.01.16 12:54:19 INFO  compiling bankapp-build (1 scala source)
2021.01.16 12:54:20 INFO  Non-compiled module 'compiler-bridge_2.12' for Scala 2.12.12. Compiling...
2021.01.16 12:54:36 INFO    Compilation completed in 15.619s.
2021.01.16 12:54:37 INFO  time: compiled bankapp-build in 18s
2021.01.16 12:55:47 INFO  running '/usr/lib/jvm/java-8-openjdk-amd64/bin/java -Djline.terminal=jline.UnsupportedTerminal -Dsbt.log.noformat=true -Dfile.encoding=UTF-8 -jar /tmp/metals6817082533741347079/sbt-launch.jar -Dbloop.export-jar-classifiers=sources bloopInstall'
2021.01.16 12:55:50 INFO  [info] welcome to sbt 1.4.6 (Private Build Java 1.8.0_275)
2021.01.16 12:55:52 INFO  [info] loading settings for project bankapp-build-build from metals.sbt ...
2021.01.16 12:55:53 INFO  [info] loading project definition from /home/raju/my-projects/bankapp/project/project
2021.01.16 12:55:54 INFO  [info] loading settings for project bankapp-build from metals.sbt ...
2021.01.16 12:55:54 INFO  [info] loading project definition from /home/raju/my-projects/bankapp/project
2021.01.16 12:55:58 INFO  [success] Generated .bloop/bankapp-build.json
2021.01.16 12:55:58 INFO  [success] Total time: 4 s, completed Jan 16, 2021 12:55:59 PM
2021.01.16 12:56:04 INFO  [info] loading settings for project root from build.sbt ...
2021.01.16 12:56:04 INFO  [info] set current project to bankapp (in build file:/home/raju/my-projects/bankapp/)
2021.01.16 12:56:05 INFO  [success] Generated .bloop/root-test.json
2021.01.16 12:56:05 INFO  [success] Generated .bloop/root.json
2021.01.16 12:56:05 INFO  [success] Total time: 1 s, completed Jan 16, 2021 12:56:05 PM
2021.01.16 12:56:05 INFO  sbt bloopInstall exit: 0
2021.01.16 12:56:06 INFO  time: ran 'sbt bloopInstall' in 18s
2021.01.16 12:56:06 INFO  Disconnecting from Bloop session...
2021.01.16 12:56:06 INFO  Shut down connection with build server.
2021.01.16 12:56:06 INFO  Shut down connection with build server.
No more data in the client stdin, exiting...
No more data in the server stdin, exiting...
No more data in the server stdin, exiting...
No more data in the server stdin, exiting...
No more data in the server stdin, exiting...
No more data in the client stdin, exiting...
2021.01.16 12:56:06 INFO  Attempting to connect to the build server...
Starting the bsp launcher for bloop...
Opening a bsp server connection with 'bsp --protocol local --socket /tmp/bsp-launcher741617750934049826/bsp.socket'...
Waiting for the bsp connection to come up...
[0m[32m[D][0m Loading workspace settings from bloop.settings.json
[0m[32m[D][0m Loading 2 projects from '/home/raju/my-projects/bankapp/.bloop'...
[0m[32m[D][0m Loading project from '/home/raju/my-projects/bankapp/.bloop/root.json'
[0m[32m[D][0m Loading project from '/home/raju/my-projects/bankapp/.bloop/root-test.json'
[0m[32m[D][0m Configured SemanticDB in projects 'root', 'root-test'
[0m[32m[D][0m Waiting for a connection at local:///tmp/bsp-launcher741617750934049826/bsp.socket...
The server is listening for incoming connections at local:///tmp/bsp-launcher741617750934049826/bsp.socket...
Starting thread that pumps stdin and redirects it to the bsp server...
Starting thread that pumps server stdout and redirects it to the client stdout...
2021.01.16 12:56:06 INFO  tracing is disabled for protocol BSP, to enable tracing of incoming and outgoing JSON messages create an empty file at /home/raju/.cache/metals/bsp.trace.json
2021.01.16 12:56:06 INFO  Attempting to connect to the build server...
Starting the bsp launcher for bloop...
Opening a bsp server connection with 'bsp --protocol local --socket /tmp/bsp-launcher4089109263546284505/bsp.socket'...
Waiting for the bsp connection to come up...
[0m[32m[D][0m Loading workspace settings from bloop.settings.json
[0m[32m[D][0m Waiting for a connection at local:///tmp/bsp-launcher4089109263546284505/bsp.socket...
The server is listening for incoming connections at local:///tmp/bsp-launcher4089109263546284505/bsp.socket...
Starting thread that pumps stdin and redirects it to the bsp server...
Starting thread that pumps server stdout and redirects it to the client stdout...
2021.01.16 12:56:06 INFO  tracing is disabled for protocol BSP, to enable tracing of incoming and outgoing JSON messages create an empty file at /home/raju/.cache/metals/bsp.trace.json
2021.01.16 12:56:06 INFO  time: connected to build server in 0.17s
2021.01.16 12:56:06 INFO  Connected to Build server v1.4.6-15-209c2a5c
Caught unexpected io exception handling event for /home/raju/my-projects/bankapp/project/src/main/scala-sbt-1.0
java.nio.file.NoSuchFileException: /home/raju/my-projects/bankapp/project/src/main/scala-sbt-1.0
	at com.swoval.files.NativeDirectoryLister.fillResults(NativeDirectoryLister.java:93)
	at com.swoval.files.NativeDirectoryLister.apply(NativeDirectoryLister.java:48)
	at com.swoval.files.SimpleFileTreeView$Lister.impl(SimpleFileTreeView.java:149)
	at com.swoval.files.SimpleFileTreeView$Lister.fillResults(SimpleFileTreeView.java:140)
	at com.swoval.files.SimpleFileTreeView.list(SimpleFileTreeView.java:50)
	at com.swoval.files.CachedDirectoryImpl.init(CachedDirectoryImpl.java:568)
	at com.swoval.files.CachedDirectoryImpl.init(CachedDirectoryImpl.java:557)
	at com.swoval.files.FileCacheDirectoryTree.newCachedDirectory(FileCacheDirectoryTree.java:623)
	at com.swoval.files.FileCacheDirectoryTree.handleEvent(FileCacheDirectoryTree.java:298)
	at com.swoval.files.FileTreeRepositories$1.onNext(FileTreeRepositories.java:79)
	at com.swoval.files.FileTreeRepositories$1.onNext(FileTreeRepositories.java:73)
	at com.swoval.files.Observers.onNext(Observers.java:31)
	at com.swoval.files.NioPathWatcher.runCallbacks(NioPathWatcher.java:423)
	at com.swoval.files.NioPathWatcher.handleEvent(NioPathWatcher.java:447)
	at com.swoval.files.NioPathWatcher.access$300(NioPathWatcher.java:35)
	at com.swoval.files.NioPathWatcher$2.accept(NioPathWatcher.java:108)
	at com.swoval.files.NioPathWatcher$2.accept(NioPathWatcher.java:102)
	at com.swoval.files.NioPathWatcherService$2.run(NioPathWatcherService.java:95)
2021.01.16 12:56:06 WARN  Could not find java sources in None. Java symbols will not be available.
2021.01.16 12:56:06 INFO  time: indexed workspace in 0.73s
2021.01.16 12:56:07 INFO  compiling root (5 scala sources)
2021.01.16 12:56:12 INFO  compiling root-test (1 scala source)
2021.01.16 12:56:12 INFO  time: compiled root in 4.59s
2021.01.16 12:56:12 INFO  time: compiled root-test in 0.41s
2021.01.16 12:56:12 INFO  skipping build import with status 'Installed'
2021.01.16 12:56:36 INFO  compiling root (1 scala source)
2021.01.16 12:56:37 INFO  time: compiled root in 1.05s
2021.01.16 12:57:07 INFO  compiling root (1 scala source)
2021.01.16 12:57:07 INFO  time: compiled root in 0.77s
Jan 16, 2021 12:59:19 PM scala.meta.internal.pc.CompilerAccess retryWithCleanCompiler
INFO: compiler crashed due to an error in the Scala compiler, retrying with new compiler instance.
2021.01.16 13:00:34 INFO  compiling root (1 scala source)
2021.01.16 13:00:34 INFO  time: compiled root in 0.14s
2021.01.16 13:00:44 INFO  compiling root (1 scala source)
2021.01.16 13:00:45 WARN  5 deprecations (since 2.13.0); re-run with -deprecation for details
2021.01.16 13:00:45 INFO  time: compiled root in 1.15s
2021.01.16 13:00:54 INFO  compiling root (1 scala source)
2021.01.16 13:00:55 WARN  5 deprecations (since 2.13.0); re-run with -deprecation for details
2021.01.16 13:00:55 INFO  time: compiled root in 1.22s
2021.01.16 13:01:02 INFO  compiling root (1 scala source)
2021.01.16 13:01:04 WARN  5 deprecations (since 2.13.0); re-run with -deprecation for details
2021.01.16 13:01:04 INFO  time: compiled root in 1.08s
2021.01.16 13:01:36 INFO  compiling root (1 scala source)
2021.01.16 13:01:36 INFO  time: compiled root in 0.72s
2021.01.16 13:09:28 INFO  compiling root (1 scala source)
2021.01.16 13:09:28 INFO  time: compiled root in 0.71s
2021.01.16 13:10:36 INFO  compiling root (1 scala source)
2021.01.16 13:10:36 INFO  time: compiled root in 0.37s
2021.01.16 13:10:58 INFO  compiling root (1 scala source)
2021.01.16 13:10:58 INFO  time: compiled root in 0.31s
2021.01.16 13:11:05 INFO  compiling root (1 scala source)
2021.01.16 13:11:05 INFO  time: compiled root in 0.29s
2021.01.16 13:11:19 INFO  compiling root (1 scala source)
2021.01.16 13:11:19 INFO  time: compiled root in 0.3s
2021.01.16 13:11:29 INFO  compiling root (1 scala source)
2021.01.16 13:11:29 INFO  time: compiled root in 0.3s
2021.01.16 13:11:35 INFO  compiling root (1 scala source)
2021.01.16 13:11:35 INFO  time: compiled root in 0.28s
2021.01.16 13:11:46 INFO  compiling root (1 scala source)
2021.01.16 13:11:46 INFO  time: compiled root in 0.23s
2021.01.16 13:11:54 INFO  compiling root (1 scala source)
2021.01.16 13:11:54 INFO  time: compiled root in 0.28s
2021.01.16 13:12:01 INFO  compiling root (1 scala source)
2021.01.16 13:12:01 INFO  time: compiled root in 0.25s
2021.01.16 13:12:09 INFO  compiling root (1 scala source)
2021.01.16 13:12:09 INFO  time: compiled root in 0.35s
2021.01.16 13:12:55 INFO  compiling root (1 scala source)
2021.01.16 13:12:55 INFO  time: compiled root in 0.25s
2021.01.16 13:13:19 INFO  compiling root (2 scala sources)
2021.01.16 13:13:19 INFO  time: compiled root in 0.31s
2021.01.16 13:15:19 INFO  compiling root (2 scala sources)
2021.01.16 13:15:19 INFO  time: compiled root in 0.5s
2021.01.16 13:15:33 INFO  compiling root (2 scala sources)
2021.01.16 13:15:33 INFO  time: compiled root in 0.3s
2021.01.16 13:15:38 INFO  compiling root (2 scala sources)
2021.01.16 13:15:38 INFO  time: compiled root in 0.31s
2021.01.16 13:19:30 INFO  compiling root (2 scala sources)
2021.01.16 13:19:30 INFO  time: compiled root in 0.28s
2021.01.16 13:19:37 INFO  compiling root (2 scala sources)
2021.01.16 13:19:40 INFO  time: compiled root in 2.2s
2021.01.16 13:19:40 INFO  compiling root (1 scala source)
2021.01.16 13:19:40 WARN  5 deprecations (since 2.13.0); re-run with -deprecation for details
2021.01.16 13:19:40 INFO  time: compiled root in 0.16s
2021.01.16 13:19:50 INFO  compiling root (1 scala source)
2021.01.16 13:19:51 INFO  time: compiled root in 1.62s
2021.01.16 13:21:04 INFO  compiling root (1 scala source)
2021.01.16 13:21:05 INFO  time: compiled root in 1s
2021.01.16 13:23:32 INFO  compiling root (1 scala source)
2021.01.16 13:23:32 INFO  time: compiled root in 83ms
2021.01.16 13:23:32 INFO  compiling root (1 scala source)
2021.01.16 13:23:32 INFO  time: compiled root in 23ms
2021.01.16 13:25:28 INFO  compiling root (1 scala source)
2021.01.16 13:25:28 INFO  time: compiled root in 0.14s
2021.01.16 13:26:05 INFO  compiling root (1 scala source)
2021.01.16 13:26:05 WARN  4 deprecations (since 2.13.0); re-run with -deprecation for details
2021.01.16 13:26:05 INFO  time: compiled root in 0.88s
2021.01.16 13:26:57 INFO  compiling root (1 scala source)
2021.01.16 13:26:57 WARN  4 deprecations (since 2.13.0); re-run with -deprecation for details
2021.01.16 13:26:57 INFO  time: compiled root in 0.95s
2021.01.16 13:27:23 INFO  compiling root (1 scala source)
2021.01.16 13:27:23 INFO  time: compiled root in 81ms
2021.01.16 13:28:10 INFO  compiling root (1 scala source)
2021.01.16 13:28:10 INFO  time: compiled root in 0.87s
2021.01.16 13:29:12 INFO  compiling root (1 scala source)
2021.01.16 13:29:12 WARN  4 deprecations (since 2.13.0); re-run with -deprecation for details
2021.01.16 13:29:13 INFO  time: compiled root in 1.01s
2021.01.16 13:30:09 INFO  compiling root (1 scala source)
2021.01.16 13:30:09 INFO  time: compiled root in 0.16s
2021.01.16 13:30:18 INFO  compiling root (1 scala source)
2021.01.16 13:30:19 WARN  4 deprecations (since 2.13.0); re-run with -deprecation for details
2021.01.16 13:30:19 INFO  time: compiled root in 1.05s
2021.01.16 13:30:47 INFO  compiling root (1 scala source)
2021.01.16 13:30:47 WARN  4 deprecations (since 2.13.0); re-run with -deprecation for details
2021.01.16 13:30:48 INFO  time: compiled root in 1.01s
something's wrong: no file:///home/raju/my-projects/bankapp/src/main/scala/com/revature/bankapp/dao/UserDao.scala in scala.collection.mutable.ArrayBuffer[com.revature.bankapp.model.User]RangePosition(file:///home/raju/my-projects/bankapp/src/main/scala/com/revature/bankapp/dao/UserDao.scala, 530, 530, 547)
2021.01.16 13:31:35 INFO  compiling root (1 scala source)
2021.01.16 13:31:35 INFO  time: compiled root in 0.14s
2021.01.16 13:31:43 INFO  compiling root (1 scala source)
2021.01.16 13:31:43 INFO  time: compiled root in 0.13s
2021.01.16 13:31:51 INFO  compiling root (1 scala source)
2021.01.16 13:31:51 WARN  4 deprecations (since 2.13.0); re-run with -deprecation for details
2021.01.16 13:31:51 INFO  time: compiled root in 1s
something's wrong: no file:///home/raju/my-projects/bankapp/src/main/scala/com/revature/bankapp/dao/UserDao.scala in scala.collection.mutable.ArrayBuffer[com.revature.bankapp.model.User]RangePosition(file:///home/raju/my-projects/bankapp/src/main/scala/com/revature/bankapp/dao/UserDao.scala, 530, 530, 547)
2021.01.16 13:32:43 INFO  compiling root (1 scala source)
2021.01.16 13:32:43 INFO  time: compiled root in 0.16s
2021.01.16 13:32:58 INFO  compiling root (1 scala source)
2021.01.16 13:32:59 INFO  time: compiled root in 1.01s
2021.01.16 13:44:21 INFO  compiling root (1 scala source)
2021.01.16 13:44:22 WARN  4 deprecations (since 2.13.0); re-run with -deprecation for details
2021.01.16 13:44:22 INFO  time: compiled root in 1.36s
2021.01.16 13:46:10 INFO  compiling root (1 scala source)
2021.01.16 13:46:12 WARN  4 deprecations (since 2.13.0); re-run with -deprecation for details
2021.01.16 13:46:12 INFO  time: compiled root in 1.72s
2021.01.16 13:46:48 INFO  compiling root (1 scala source)
2021.01.16 13:46:50 WARN  4 deprecations (since 2.13.0); re-run with -deprecation for details
2021.01.16 13:46:50 INFO  time: compiled root in 1.53s
2021.01.16 13:53:50 INFO  compiling root (1 scala source)
2021.01.16 13:53:52 WARN  4 deprecations (since 2.13.0); re-run with -deprecation for details
2021.01.16 13:53:52 INFO  time: compiled root in 1.76s
2021.01.16 13:54:38 INFO  compiling root (1 scala source)
2021.01.16 13:54:38 WARN  4 deprecations (since 2.13.0); re-run with -deprecation for details
2021.01.16 13:54:38 INFO  time: compiled root in 0.98s
2021.01.16 13:55:06 INFO  compiling root (1 scala source)
2021.01.16 13:55:08 WARN  4 deprecations (since 2.13.0); re-run with -deprecation for details
2021.01.16 13:55:08 INFO  time: compiled root in 1.97s
2021.01.16 13:55:15 INFO  compiling root (1 scala source)
2021.01.16 13:55:15 WARN  4 deprecations (since 2.13.0); re-run with -deprecation for details
2021.01.16 13:55:16 INFO  time: compiled root in 1s
2021.01.16 14:43:25 INFO  Started: Metals version 0.9.8 in workspace '/home/raju/my-projects/bankapp' for client vscode.
2021.01.16 14:43:26 INFO  time: initialize in 0.86s
2021.01.16 14:43:27 INFO  Attempting to connect to the build server...
Starting the bsp launcher for bloop...
Opening a bsp server connection with 'bsp --protocol local --socket /tmp/bsp-launcher9059693417992034108/bsp.socket'...
Waiting for the bsp connection to come up...
2021.01.16 14:43:27 WARN  no build target for: /home/raju/my-projects/bankapp/src/main/scala/com/revature/bankapp/dao/UserDao.scala
2021.01.16 14:43:27 WARN  no build target for: /home/raju/my-projects/bankapp/src/main/scala/com/revature/bankapp/controller/UserController.scala
2021.01.16 14:43:27 WARN  no build target for: /home/raju/my-projects/bankapp/src/main/scala/com/revature/bankapp/cli/UserCli.scala
2021.01.16 14:43:27 INFO  skipping build import with status 'Installed'
Waiting for the bsp connection to come up...
Waiting for the bsp connection to come up...
Waiting for the bsp connection to come up...
2021.01.16 14:43:31 INFO  no build target: using presentation compiler with only scala-library
Waiting for the bsp connection to come up...
Waiting for the bsp connection to come up...
No server running at 127.0.0.1:8212, let's fire one...
Resolving ch.epfl.scala:bloop-frontend_2.12:1.4.6-15-209c2a5c...
Starting bloop server at 127.0.0.1:8212...
Attempting a connection to the server...
Attempting a connection to the server...
Attempting a connection to the server...
Attempting a connection to the server...
Attempting a connection to the server...
Attempting a connection to the server...
Attempting a connection to the server...
Attempting a connection to the server...
Attempting a connection to the server...
[0m[32m[D][0m Loading workspace settings from bloop.settings.json
[0m[32m[D][0m Loading 2 projects from '/home/raju/my-projects/bankapp/.bloop'...
[0m[32m[D][0m Loading project from '/home/raju/my-projects/bankapp/.bloop/root-test.json'
[0m[32m[D][0m Loading project from '/home/raju/my-projects/bankapp/.bloop/root.json'
[0m[32m[D][0m Cache miss for scala instance org.scala-lang:scala-compiler:2.13.4.
[0m[32m[D][0m   => /home/raju/.cache/coursier/v1/https/repo1.maven.org/maven2/net/java/dev/jna/jna/5.3.1/jna-5.3.1.jar
[0m[32m[D][0m   => /home/raju/.cache/coursier/v1/https/repo1.maven.org/maven2/org/jline/jline/3.16.0/jline-3.16.0.jar
[0m[32m[D][0m   => /home/raju/.cache/coursier/v1/https/repo1.maven.org/maven2/org/scala-lang/scala-compiler/2.13.4/scala-compiler-2.13.4.jar
[0m[32m[D][0m   => /home/raju/.cache/coursier/v1/https/repo1.maven.org/maven2/org/scala-lang/scala-library/2.13.4/scala-library-2.13.4.jar
[0m[32m[D][0m   => /home/raju/.cache/coursier/v1/https/repo1.maven.org/maven2/org/scala-lang/scala-reflect/2.13.4/scala-reflect-2.13.4.jar
[0m[32m[D][0m Configured SemanticDB in projects 'root', 'root-test'
[0m[32m[D][0m Missing analysis file for project 'root-test'
[0m[32m[D][0m Loading previous analysis for 'root' from '/home/raju/my-projects/bankapp/target/streams/compile/bloopAnalysisOut/_global/streams/inc_compile_2.13.zip'.
[0m[32m[D][0m Waiting for a connection at local:///tmp/bsp-launcher9059693417992034108/bsp.socket...
The server is listening for incoming connections at local:///tmp/bsp-launcher9059693417992034108/bsp.socket...
Starting thread that pumps stdin and redirects it to the bsp server...
Starting thread that pumps server stdout and redirects it to the client stdout...
2021.01.16 14:43:34 INFO  tracing is disabled for protocol BSP, to enable tracing of incoming and outgoing JSON messages create an empty file at /home/raju/.cache/metals/bsp.trace.json
2021.01.16 14:43:34 INFO  Attempting to connect to the build server...
Starting the bsp launcher for bloop...
Opening a bsp server connection with 'bsp --protocol local --socket /tmp/bsp-launcher2713185769300404574/bsp.socket'...
Waiting for the bsp connection to come up...
[0m[32m[D][0m Loading workspace settings from bloop.settings.json
[0m[32m[D][0m Waiting for a connection at local:///tmp/bsp-launcher2713185769300404574/bsp.socket...
The server is listening for incoming connections at local:///tmp/bsp-launcher2713185769300404574/bsp.socket...
Starting thread that pumps stdin and redirects it to the bsp server...
Starting thread that pumps server stdout and redirects it to the client stdout...
2021.01.16 14:43:35 INFO  tracing is disabled for protocol BSP, to enable tracing of incoming and outgoing JSON messages create an empty file at /home/raju/.cache/metals/bsp.trace.json
2021.01.16 14:43:35 INFO  time: connected to build server in 7.56s
2021.01.16 14:43:35 INFO  Connected to Build server v1.4.6-15-209c2a5c
2021.01.16 14:43:35 INFO  time: imported build in 0.15s
2021.01.16 14:43:36 WARN  Could not find java sources in None. Java symbols will not be available.
2021.01.16 14:43:36 INFO  time: indexed workspace in 1.67s
2021.01.16 14:54:21 INFO  compiling root-test (1 scala source)
2021.01.16 14:54:22 INFO  shutting down Metals
2021.01.16 14:54:22 INFO  Shut down connection with build server.
No more data in the client stdin, exiting...
2021.01.16 14:54:22 INFO  Shut down connection with build server.
No more data in the client stdin, exiting...
No more data in the server stdin, exiting...
No more data in the server stdin, exiting...
No more data in the server stdin, exiting...
No more data in the server stdin, exiting...
2021.01.16 14:54:22 ERROR Unexpected error initializing server
java.util.concurrent.ExecutionException: Boxed InterruptedException
	at scala.concurrent.impl.Promise$.resolver(Promise.scala:86)
	at scala.concurrent.impl.Promise$.scala$concurrent$impl$Promise$$resolveTry(Promise.scala:79)
	at scala.concurrent.impl.Promise$DefaultPromise.tryComplete(Promise.scala:284)
	at scala.concurrent.Promise.complete(Promise.scala:53)
	at scala.concurrent.Promise.complete$(Promise.scala:52)
	at scala.concurrent.impl.Promise$DefaultPromise.complete(Promise.scala:187)
	at scala.concurrent.java8.FuturesConvertersImpl$P.accept(FutureConvertersImpl.scala:100)
	at scala.concurrent.java8.FuturesConvertersImpl$P.accept(FutureConvertersImpl.scala:97)
	at java.util.concurrent.CompletableFuture.uniWhenComplete(CompletableFuture.java:774)
	at java.util.concurrent.CompletableFuture$UniWhenComplete.tryFire(CompletableFuture.java:750)
	at java.util.concurrent.CompletableFuture.postComplete(CompletableFuture.java:488)
	at java.util.concurrent.CompletableFuture.completeExceptionally(CompletableFuture.java:1990)
	at scala.meta.internal.metals.BuildServerConnection.$anonfun$register$3(BuildServerConnection.scala:217)
	at scala.runtime.java8.JFunction0$mcZ$sp.apply(JFunction0$mcZ$sp.java:23)
	at scala.util.Try$.apply(Try.scala:213)
	at scala.meta.internal.metals.BuildServerConnection.$anonfun$register$2(BuildServerConnection.scala:217)
	at scala.meta.internal.metals.Cancelable$$anon$1.cancel(Cancelable.scala:18)
	at scala.meta.internal.metals.Cancelable$.$anonfun$cancelAll$1(Cancelable.scala:29)
	at scala.collection.immutable.List.foreach(List.scala:431)
	at scala.meta.internal.metals.Cancelable$.cancelAll(Cancelable.scala:28)
	at scala.meta.internal.metals.MutableCancelable.cancel(MutableCancelable.scala:25)
	at scala.meta.internal.metals.BuildServerConnection.cancel(BuildServerConnection.scala:161)
	at scala.meta.internal.metals.BuildServerConnection.$anonfun$shutdown$1(BuildServerConnection.scala:85)
	at scala.meta.internal.metals.BuildServerConnection.$anonfun$shutdown$1$adapted(BuildServerConnection.scala:78)
	at scala.util.Success.$anonfun$map$1(Try.scala:255)
	at scala.util.Success.map(Try.scala:213)
	at scala.concurrent.Future.$anonfun$map$1(Future.scala:292)
	at scala.concurrent.impl.Promise.liftedTree1$1(Promise.scala:33)
	at scala.concurrent.impl.Promise.$anonfun$transform$1(Promise.scala:33)
	at scala.concurrent.impl.CallbackRunnable.run(Promise.scala:64)
	at java.util.concurrent.ThreadPoolExecutor.runWorker(ThreadPoolExecutor.java:1149)
	at java.util.concurrent.ThreadPoolExecutor$Worker.run(ThreadPoolExecutor.java:624)
	at java.lang.Thread.run(Thread.java:748)
Caused by: java.lang.InterruptedException
	at scala.meta.internal.metals.BuildServerConnection.$anonfun$register$3(BuildServerConnection.scala:217)
	at scala.runtime.java8.JFunction0$mcZ$sp.apply(JFunction0$mcZ$sp.java:23)
	at scala.util.Try$.apply(Try.scala:213)
	at scala.meta.internal.metals.BuildServerConnection.$anonfun$register$2(BuildServerConnection.scala:217)
	at scala.meta.internal.metals.Cancelable$$anon$1.cancel(Cancelable.scala:18)
	at scala.meta.internal.metals.Cancelable$.$anonfun$cancelAll$1(Cancelable.scala:29)
	at scala.collection.immutable.List.foreach(List.scala:431)
	at scala.meta.internal.metals.Cancelable$.cancelAll(Cancelable.scala:28)
	at scala.meta.internal.metals.MutableCancelable.cancel(MutableCancelable.scala:25)
	at scala.meta.internal.metals.BuildServerConnection.cancel(BuildServerConnection.scala:161)
	at scala.meta.internal.metals.BuildServerConnection.$anonfun$shutdown$1(BuildServerConnection.scala:85)
	at scala.meta.internal.metals.BuildServerConnection.$anonfun$shutdown$1$adapted(BuildServerConnection.scala:78)
	at scala.util.Success.$anonfun$map$1(Try.scala:255)
	at scala.util.Success.map(Try.scala:213)
	at scala.concurrent.Future.$anonfun$map$1(Future.scala:292)
	at scala.concurrent.impl.Promise.liftedTree1$1(Promise.scala:33)
	at scala.concurrent.impl.Promise.$anonfun$transform$1(Promise.scala:33)
	at scala.concurrent.impl.CallbackRunnable.run(Promise.scala:64)
	at java.util.concurrent.ThreadPoolExecutor.runWorker(ThreadPoolExecutor.java:1149)
	at java.util.concurrent.ThreadPoolExecutor$Worker.run(ThreadPoolExecutor.java:624)
	at java.lang.Thread.run(Thread.java:748)

2021.01.16 14:55:38 INFO  Started: Metals version 0.9.8 in workspace '/home/raju/my-projects/bankapp' for client vscode.
2021.01.16 14:55:39 INFO  time: initialize in 0.79s
2021.01.16 14:55:40 INFO  Attempting to connect to the build server...
Starting the bsp launcher for bloop...
Opening a bsp server connection with 'bsp --protocol local --socket /tmp/bsp-launcher4915863414803316707/bsp.socket'...
Waiting for the bsp connection to come up...
2021.01.16 14:55:40 WARN  no build target for: /home/raju/my-projects/bankapp/src/main/scala/com/revature/bankapp/dao/UserDao.scala
2021.01.16 14:55:40 WARN  no build target for: /home/raju/my-projects/bankapp/src/main/scala/com/revature/bankapp/controller/UserController.scala
2021.01.16 14:55:40 WARN  no build target for: /home/raju/my-projects/bankapp/src/main/scala/com/revature/bankapp/cli/UserCli.scala
2021.01.16 14:55:40 INFO  skipping build import with status 'Installed'
Waiting for the bsp connection to come up...
Waiting for the bsp connection to come up...
Waiting for the bsp connection to come up...
2021.01.16 14:55:44 INFO  no build target: using presentation compiler with only scala-library
Waiting for the bsp connection to come up...
Waiting for the bsp connection to come up...
No server running at 127.0.0.1:8212, let's fire one...
Resolving ch.epfl.scala:bloop-frontend_2.12:1.4.6-15-209c2a5c...
Starting bloop server at 127.0.0.1:8212...
Attempting a connection to the server...
Attempting a connection to the server...
Attempting a connection to the server...
Attempting a connection to the server...
Attempting a connection to the server...
Attempting a connection to the server...
[0m[32m[D][0m Loading workspace settings from bloop.settings.json
[0m[32m[D][0m Loading 2 projects from '/home/raju/my-projects/bankapp/.bloop'...
[0m[32m[D][0m Loading project from '/home/raju/my-projects/bankapp/.bloop/root.json'
[0m[32m[D][0m Loading project from '/home/raju/my-projects/bankapp/.bloop/root-test.json'
[0m[32m[D][0m Cache miss for scala instance org.scala-lang:scala-compiler:2.13.4.
[0m[32m[D][0m   => /home/raju/.cache/coursier/v1/https/repo1.maven.org/maven2/net/java/dev/jna/jna/5.3.1/jna-5.3.1.jar
[0m[32m[D][0m   => /home/raju/.cache/coursier/v1/https/repo1.maven.org/maven2/org/jline/jline/3.16.0/jline-3.16.0.jar
[0m[32m[D][0m   => /home/raju/.cache/coursier/v1/https/repo1.maven.org/maven2/org/scala-lang/scala-compiler/2.13.4/scala-compiler-2.13.4.jar
[0m[32m[D][0m   => /home/raju/.cache/coursier/v1/https/repo1.maven.org/maven2/org/scala-lang/scala-library/2.13.4/scala-library-2.13.4.jar
[0m[32m[D][0m   => /home/raju/.cache/coursier/v1/https/repo1.maven.org/maven2/org/scala-lang/scala-reflect/2.13.4/scala-reflect-2.13.4.jar
[0m[32m[D][0m Configured SemanticDB in projects 'root', 'root-test'
[0m[32m[D][0m Missing analysis file for project 'root-test'
[0m[32m[D][0m Loading previous analysis for 'root' from '/home/raju/my-projects/bankapp/target/streams/compile/bloopAnalysisOut/_global/streams/inc_compile_2.13.zip'.
[0m[32m[D][0m Waiting for a connection at local:///tmp/bsp-launcher4915863414803316707/bsp.socket...
The server is listening for incoming connections at local:///tmp/bsp-launcher4915863414803316707/bsp.socket...
Starting thread that pumps stdin and redirects it to the bsp server...
Starting thread that pumps server stdout and redirects it to the client stdout...
2021.01.16 14:55:46 INFO  tracing is disabled for protocol BSP, to enable tracing of incoming and outgoing JSON messages create an empty file at /home/raju/.cache/metals/bsp.trace.json
2021.01.16 14:55:46 INFO  Attempting to connect to the build server...
Starting the bsp launcher for bloop...
Opening a bsp server connection with 'bsp --protocol local --socket /tmp/bsp-launcher8630763220782917214/bsp.socket'...
Waiting for the bsp connection to come up...
[0m[32m[D][0m Loading workspace settings from bloop.settings.json
[0m[32m[D][0m Waiting for a connection at local:///tmp/bsp-launcher8630763220782917214/bsp.socket...
The server is listening for incoming connections at local:///tmp/bsp-launcher8630763220782917214/bsp.socket...
Starting thread that pumps stdin and redirects it to the bsp server...
Starting thread that pumps server stdout and redirects it to the client stdout...
2021.01.16 14:55:46 INFO  tracing is disabled for protocol BSP, to enable tracing of incoming and outgoing JSON messages create an empty file at /home/raju/.cache/metals/bsp.trace.json
2021.01.16 14:55:46 INFO  time: connected to build server in 6.46s
2021.01.16 14:55:46 INFO  Connected to Build server v1.4.6-15-209c2a5c
2021.01.16 14:55:47 WARN  Could not find java sources in None. Java symbols will not be available.
2021.01.16 14:55:47 INFO  time: indexed workspace in 1.12s
2021.01.16 14:55:49 INFO  compiling root-test (1 scala source)
2021.01.16 14:55:52 INFO  time: compiled root-test in 2.8s
2021.01.16 15:33:32 INFO  compiling root (1 scala source)
2021.01.16 15:33:32 INFO  time: compiled root in 0.38s
2021.01.16 15:34:01 INFO  compiling root (1 scala source)
2021.01.16 15:34:01 INFO  time: compiled root in 0.23s
2021.01.16 15:34:12 INFO  compiling root (1 scala source)
2021.01.16 15:34:15 INFO  time: compiled root in 3.03s
2021.01.16 15:35:50 INFO  compiling root (1 scala source)
2021.01.16 15:35:50 INFO  time: compiled root in 0.17s
Jan 16, 2021 3:36:17 PM org.eclipse.lsp4j.jsonrpc.RemoteEndpoint handleCancellation
WARNING: Unmatched cancel notification for request id 398
2021.01.16 15:36:45 INFO  compiling root (1 scala source)
2021.01.16 15:36:45 INFO  time: compiled root in 0.45s
2021.01.16 15:37:32 INFO  compiling root (2 scala sources)
2021.01.16 15:37:34 INFO  time: compiled root in 2.46s
2021.01.16 15:47:53 INFO  compiling root (1 scala source)
2021.01.16 15:47:55 INFO  time: compiled root in 2.67s
2021.01.16 15:48:55 INFO  shutting down Metals
2021.01.16 15:48:55 INFO  Shut down connection with build server.
2021.01.16 15:48:55 INFO  Shut down connection with build server.
No more data in the client stdin, exiting...
No more data in the client stdin, exiting...
No more data in the server stdin, exiting...
No more data in the server stdin, exiting...
No more data in the server stdin, exiting...
No more data in the server stdin, exiting...
2021.01.16 15:49:27 INFO  Started: Metals version 0.9.8 in workspace '/home/raju/my-projects/bankapp' for client vscode.
2021.01.16 15:49:28 INFO  time: initialize in 0.9s
2021.01.16 15:49:29 INFO  Attempting to connect to the build server...
Starting the bsp launcher for bloop...
2021.01.16 15:49:29 WARN  no build target for: /home/raju/my-projects/bankapp/src/main/scala/com/revature/bankapp/controller/UserController.scala
2021.01.16 15:49:29 WARN  no build target for: /home/raju/my-projects/bankapp/src/main/scala/com/revature/bankapp/cli/UserCli.scala
Opening a bsp server connection with 'bsp --protocol local --socket /tmp/bsp-launcher1238356861074185782/bsp.socket'...
Waiting for the bsp connection to come up...
2021.01.16 15:49:29 WARN  no build target for: /home/raju/my-projects/bankapp/src/main/scala/com/revature/bankapp/cli/Command.scala
2021.01.16 15:49:30 INFO  skipping build import with status 'Installed'
[0m[32m[D][0m Loading workspace settings from bloop.settings.json
[0m[32m[D][0m Waiting for a connection at local:///tmp/bsp-launcher1238356861074185782/bsp.socket...
The server is listening for incoming connections at local:///tmp/bsp-launcher1238356861074185782/bsp.socket...
Starting thread that pumps stdin and redirects it to the bsp server...
Starting thread that pumps server stdout and redirects it to the client stdout...
2021.01.16 15:49:30 INFO  tracing is disabled for protocol BSP, to enable tracing of incoming and outgoing JSON messages create an empty file at /home/raju/.cache/metals/bsp.trace.json
2021.01.16 15:49:30 INFO  Attempting to connect to the build server...
Starting the bsp launcher for bloop...
Opening a bsp server connection with 'bsp --protocol local --socket /tmp/bsp-launcher150899974185735688/bsp.socket'...
Waiting for the bsp connection to come up...
[0m[32m[D][0m Loading workspace settings from bloop.settings.json
[0m[32m[D][0m Waiting for a connection at local:///tmp/bsp-launcher150899974185735688/bsp.socket...
The server is listening for incoming connections at local:///tmp/bsp-launcher150899974185735688/bsp.socket...
Starting thread that pumps stdin and redirects it to the bsp server...
Starting thread that pumps server stdout and redirects it to the client stdout...
2021.01.16 15:49:30 INFO  tracing is disabled for protocol BSP, to enable tracing of incoming and outgoing JSON messages create an empty file at /home/raju/.cache/metals/bsp.trace.json
2021.01.16 15:49:30 INFO  time: connected to build server in 1.27s
2021.01.16 15:49:30 INFO  Connected to Build server v1.4.6-15-209c2a5c
2021.01.16 15:49:31 INFO  time: imported build in 0.19s
2021.01.16 15:49:33 INFO  no build target: using presentation compiler with only scala-library
2021.01.16 15:49:33 WARN  Could not find java sources in None. Java symbols will not be available.
2021.01.16 15:49:33 INFO  time: indexed workspace in 3.29s
2021.01.16 15:49:36 INFO  compiling root-test (1 scala source)
2021.01.16 15:49:36 INFO  time: compiled root-test in 0.13s
2021.01.16 15:52:27 INFO  shutting down Metals
No more data in the server stdin, exiting...
No more data in the server stdin, exiting...
No more data in the server stdin, exiting...
No more data in the server stdin, exiting...
2021.01.16 15:52:27 INFO  Shut down connection with build server.
2021.01.16 15:52:27 INFO  Shut down connection with build server.
No more data in the client stdin, exiting...
No more data in the client stdin, exiting...
2021.01.16 15:57:52 INFO  Started: Metals version 0.9.8 in workspace '/home/raju/my-projects/bankapp' for client vscode.
2021.01.16 15:57:52 INFO  time: initialize in 0.71s
2021.01.16 15:57:53 INFO  Attempting to connect to the build server...
Starting the bsp launcher for bloop...
Opening a bsp server connection with 'bsp --protocol local --socket /tmp/bsp-launcher3929597710654968364/bsp.socket'...
Waiting for the bsp connection to come up...
2021.01.16 15:57:53 WARN  no build target for: /home/raju/my-projects/bankapp/src/main/scala/com/revature/bankapp/controller/UserController.scala
2021.01.16 15:57:53 WARN  no build target for: /home/raju/my-projects/bankapp/src/main/scala/com/revature/bankapp/cli/UserCli.scala
2021.01.16 15:57:53 WARN  no build target for: /home/raju/my-projects/bankapp/src/main/scala/com/revature/bankapp/cli/Command.scala
2021.01.16 15:57:52 INFO  skipping build import with status 'Installed'
[0m[32m[D][0m Loading workspace settings from bloop.settings.json
[0m[32m[D][0m Waiting for a connection at local:///tmp/bsp-launcher3929597710654968364/bsp.socket...
The server is listening for incoming connections at local:///tmp/bsp-launcher3929597710654968364/bsp.socket...
Starting thread that pumps stdin and redirects it to the bsp server...
Starting thread that pumps server stdout and redirects it to the client stdout...
2021.01.16 15:57:53 INFO  tracing is disabled for protocol BSP, to enable tracing of incoming and outgoing JSON messages create an empty file at /home/raju/.cache/metals/bsp.trace.json
2021.01.16 15:57:53 INFO  Attempting to connect to the build server...
Starting the bsp launcher for bloop...
Opening a bsp server connection with 'bsp --protocol local --socket /tmp/bsp-launcher1668694261888299076/bsp.socket'...
Waiting for the bsp connection to come up...
[0m[32m[D][0m Loading workspace settings from bloop.settings.json
[0m[32m[D][0m Waiting for a connection at local:///tmp/bsp-launcher1668694261888299076/bsp.socket...
The server is listening for incoming connections at local:///tmp/bsp-launcher1668694261888299076/bsp.socket...
Starting thread that pumps stdin and redirects it to the bsp server...
Starting thread that pumps server stdout and redirects it to the client stdout...
2021.01.16 15:57:53 INFO  tracing is disabled for protocol BSP, to enable tracing of incoming and outgoing JSON messages create an empty file at /home/raju/.cache/metals/bsp.trace.json
2021.01.16 15:57:53 INFO  time: connected to build server in 0.47s
2021.01.16 15:57:53 INFO  Connected to Build server v1.4.6-15-209c2a5c
2021.01.16 15:57:53 INFO  time: imported build in 0.14s
2021.01.16 15:57:56 INFO  no build target: using presentation compiler with only scala-library
2021.01.16 15:57:56 WARN  Could not find java sources in None. Java symbols will not be available.
2021.01.16 15:57:56 INFO  time: indexed workspace in 2.97s
2021.01.16 15:57:59 INFO  compiling root-test (1 scala source)
2021.01.16 15:57:59 INFO  time: compiled root-test in 0.18s
2021.01.16 16:00:13 INFO  compiling root (1 scala source)
2021.01.16 16:00:13 INFO  time: compiled root in 0.96s
Jan 16, 2021 4:16:28 PM scala.meta.internal.pc.CompilerAccess retryWithCleanCompiler
INFO: compiler crashed due to an error in the Scala compiler, retrying with new compiler instance.
Jan 16, 2021 4:16:28 PM scala.meta.internal.pc.CompilerAccess handleError
SEVERE: null
java.lang.NullPointerException
	at scala.reflect.internal.Definitions$DefinitionsClass.isByNameParamType(Definitions.scala:419)
	at scala.reflect.internal.TreeInfo.isStableIdent(TreeInfo.scala:140)
	at scala.reflect.internal.TreeInfo.isStableIdentifier(TreeInfo.scala:113)
	at scala.reflect.internal.TreeInfo.isPath(TreeInfo.scala:102)
	at scala.tools.nsc.interactive.Global.stabilizedType(Global.scala:964)
	at scala.tools.nsc.interactive.Global.typedTreeAt(Global.scala:812)
	at scala.meta.internal.pc.SignatureHelpProvider.signatureHelp(SignatureHelpProvider.scala:23)

Jan 16, 2021 4:16:45 PM scala.meta.internal.pc.completions.Completions completionPosition
SEVERE: null
java.lang.NullPointerException
	at scala.meta.internal.pc.completions.OverrideCompletions$OverrideCompletion.<init>(OverrideCompletions.scala:46)
	at scala.meta.internal.pc.completions.Completions.completionPositionUnsafe(Completions.scala:500)
	at scala.meta.internal.pc.completions.Completions.completionPositionUnsafe$(Completions.scala:409)
	at scala.meta.internal.pc.MetalsGlobal.completionPositionUnsafe(MetalsGlobal.scala:29)
	at scala.meta.internal.pc.completions.Completions.completionPosition(Completions.scala:401)
	at scala.meta.internal.pc.completions.Completions.completionPosition$(Completions.scala:386)
	at scala.meta.internal.pc.MetalsGlobal.completionPosition(MetalsGlobal.scala:29)
	at scala.meta.internal.pc.CompletionProvider.safeCompletionsAt(CompletionProvider.scala:446)
	at scala.meta.internal.pc.CompletionProvider.completions(CompletionProvider.scala:57)
	at scala.meta.internal.pc.ScalaPresentationCompiler.$anonfun$complete$1(ScalaPresentationCompiler.scala:184)
	at scala.meta.internal.pc.CompilerAccess.withSharedCompiler(CompilerAccess.scala:137)
	at scala.meta.internal.pc.CompilerAccess.$anonfun$withInterruptableCompiler$1(CompilerAccess.scala:87)
	at scala.meta.internal.pc.CompilerAccess.$anonfun$onCompilerJobQueue$1(CompilerAccess.scala:197)
	at scala.meta.internal.pc.CompilerJobQueue$Job.run(CompilerJobQueue.scala:103)
	at java.util.concurrent.ThreadPoolExecutor.runWorker(ThreadPoolExecutor.java:1149)
	at java.util.concurrent.ThreadPoolExecutor$Worker.run(ThreadPoolExecutor.java:624)
	at java.lang.Thread.run(Thread.java:748)

Jan 16, 2021 4:16:45 PM scala.meta.internal.pc.completions.Completions completionPosition
SEVERE: null
java.lang.NullPointerException
	at scala.meta.internal.pc.completions.OverrideCompletions$OverrideCompletion.<init>(OverrideCompletions.scala:46)
	at scala.meta.internal.pc.completions.Completions.completionPositionUnsafe(Completions.scala:500)
	at scala.meta.internal.pc.completions.Completions.completionPositionUnsafe$(Completions.scala:409)
	at scala.meta.internal.pc.MetalsGlobal.completionPositionUnsafe(MetalsGlobal.scala:29)
	at scala.meta.internal.pc.completions.Completions.completionPosition(Completions.scala:401)
	at scala.meta.internal.pc.completions.Completions.completionPosition$(Completions.scala:386)
	at scala.meta.internal.pc.MetalsGlobal.completionPosition(MetalsGlobal.scala:29)
	at scala.meta.internal.pc.CompletionProvider.safeCompletionsAt(CompletionProvider.scala:446)
	at scala.meta.internal.pc.CompletionProvider.completions(CompletionProvider.scala:57)
	at scala.meta.internal.pc.ScalaPresentationCompiler.$anonfun$complete$1(ScalaPresentationCompiler.scala:184)
	at scala.meta.internal.pc.CompilerAccess.withSharedCompiler(CompilerAccess.scala:137)
	at scala.meta.internal.pc.CompilerAccess.$anonfun$withInterruptableCompiler$1(CompilerAccess.scala:87)
	at scala.meta.internal.pc.CompilerAccess.$anonfun$onCompilerJobQueue$1(CompilerAccess.scala:197)
	at scala.meta.internal.pc.CompilerJobQueue$Job.run(CompilerJobQueue.scala:103)
	at java.util.concurrent.ThreadPoolExecutor.runWorker(ThreadPoolExecutor.java:1149)
	at java.util.concurrent.ThreadPoolExecutor$Worker.run(ThreadPoolExecutor.java:624)
	at java.lang.Thread.run(Thread.java:748)

Jan 16, 2021 4:16:45 PM scala.meta.internal.pc.completions.Completions completionPosition
SEVERE: null
java.lang.NullPointerException
	at scala.meta.internal.pc.completions.OverrideCompletions$OverrideCompletion.<init>(OverrideCompletions.scala:46)
	at scala.meta.internal.pc.completions.Completions.completionPositionUnsafe(Completions.scala:500)
	at scala.meta.internal.pc.completions.Completions.completionPositionUnsafe$(Completions.scala:409)
	at scala.meta.internal.pc.MetalsGlobal.completionPositionUnsafe(MetalsGlobal.scala:29)
	at scala.meta.internal.pc.completions.Completions.completionPosition(Completions.scala:401)
	at scala.meta.internal.pc.completions.Completions.completionPosition$(Completions.scala:386)
	at scala.meta.internal.pc.MetalsGlobal.completionPosition(MetalsGlobal.scala:29)
	at scala.meta.internal.pc.CompletionProvider.safeCompletionsAt(CompletionProvider.scala:446)
	at scala.meta.internal.pc.CompletionProvider.completions(CompletionProvider.scala:57)
	at scala.meta.internal.pc.ScalaPresentationCompiler.$anonfun$complete$1(ScalaPresentationCompiler.scala:184)
	at scala.meta.internal.pc.CompilerAccess.withSharedCompiler(CompilerAccess.scala:137)
	at scala.meta.internal.pc.CompilerAccess.$anonfun$withInterruptableCompiler$1(CompilerAccess.scala:87)
	at scala.meta.internal.pc.CompilerAccess.$anonfun$onCompilerJobQueue$1(CompilerAccess.scala:197)
	at scala.meta.internal.pc.CompilerJobQueue$Job.run(CompilerJobQueue.scala:103)
	at java.util.concurrent.ThreadPoolExecutor.runWorker(ThreadPoolExecutor.java:1149)
	at java.util.concurrent.ThreadPoolExecutor$Worker.run(ThreadPoolExecutor.java:624)
	at java.lang.Thread.run(Thread.java:748)

Jan 16, 2021 4:16:46 PM scala.meta.internal.pc.completions.Completions completionPosition
SEVERE: null
java.lang.NullPointerException
	at scala.meta.internal.pc.completions.OverrideCompletions$OverrideCompletion.<init>(OverrideCompletions.scala:46)
	at scala.meta.internal.pc.completions.Completions.completionPositionUnsafe(Completions.scala:500)
	at scala.meta.internal.pc.completions.Completions.completionPositionUnsafe$(Completions.scala:409)
	at scala.meta.internal.pc.MetalsGlobal.completionPositionUnsafe(MetalsGlobal.scala:29)
	at scala.meta.internal.pc.completions.Completions.completionPosition(Completions.scala:401)
	at scala.meta.internal.pc.completions.Completions.completionPosition$(Completions.scala:386)
	at scala.meta.internal.pc.MetalsGlobal.completionPosition(MetalsGlobal.scala:29)
	at scala.meta.internal.pc.CompletionProvider.safeCompletionsAt(CompletionProvider.scala:446)
	at scala.meta.internal.pc.CompletionProvider.completions(CompletionProvider.scala:57)
	at scala.meta.internal.pc.ScalaPresentationCompiler.$anonfun$complete$1(ScalaPresentationCompiler.scala:184)
	at scala.meta.internal.pc.CompilerAccess.withSharedCompiler(CompilerAccess.scala:137)
	at scala.meta.internal.pc.CompilerAccess.$anonfun$withInterruptableCompiler$1(CompilerAccess.scala:87)
	at scala.meta.internal.pc.CompilerAccess.$anonfun$onCompilerJobQueue$1(CompilerAccess.scala:197)
	at scala.meta.internal.pc.CompilerJobQueue$Job.run(CompilerJobQueue.scala:103)
	at java.util.concurrent.ThreadPoolExecutor.runWorker(ThreadPoolExecutor.java:1149)
	at java.util.concurrent.ThreadPoolExecutor$Worker.run(ThreadPoolExecutor.java:624)
	at java.lang.Thread.run(Thread.java:748)

Jan 16, 2021 4:16:46 PM scala.meta.internal.pc.completions.Completions completionPosition
SEVERE: null
java.lang.NullPointerException
	at scala.meta.internal.pc.completions.OverrideCompletions$OverrideCompletion.<init>(OverrideCompletions.scala:46)
	at scala.meta.internal.pc.completions.Completions.completionPositionUnsafe(Completions.scala:500)
	at scala.meta.internal.pc.completions.Completions.completionPositionUnsafe$(Completions.scala:409)
	at scala.meta.internal.pc.MetalsGlobal.completionPositionUnsafe(MetalsGlobal.scala:29)
	at scala.meta.internal.pc.completions.Completions.completionPosition(Completions.scala:401)
	at scala.meta.internal.pc.completions.Completions.completionPosition$(Completions.scala:386)
	at scala.meta.internal.pc.MetalsGlobal.completionPosition(MetalsGlobal.scala:29)
	at scala.meta.internal.pc.CompletionProvider.safeCompletionsAt(CompletionProvider.scala:446)
	at scala.meta.internal.pc.CompletionProvider.completions(CompletionProvider.scala:57)
	at scala.meta.internal.pc.ScalaPresentationCompiler.$anonfun$complete$1(ScalaPresentationCompiler.scala:184)
	at scala.meta.internal.pc.CompilerAccess.withSharedCompiler(CompilerAccess.scala:137)
	at scala.meta.internal.pc.CompilerAccess.$anonfun$withInterruptableCompiler$1(CompilerAccess.scala:87)
	at scala.meta.internal.pc.CompilerAccess.$anonfun$onCompilerJobQueue$1(CompilerAccess.scala:197)
	at scala.meta.internal.pc.CompilerJobQueue$Job.run(CompilerJobQueue.scala:103)
	at java.util.concurrent.ThreadPoolExecutor.runWorker(ThreadPoolExecutor.java:1149)
	at java.util.concurrent.ThreadPoolExecutor$Worker.run(ThreadPoolExecutor.java:624)
	at java.lang.Thread.run(Thread.java:748)

Jan 16, 2021 4:16:46 PM scala.meta.internal.pc.completions.Completions completionPosition
SEVERE: null
java.lang.NullPointerException
	at scala.meta.internal.pc.completions.OverrideCompletions$OverrideCompletion.<init>(OverrideCompletions.scala:46)
	at scala.meta.internal.pc.completions.Completions.completionPositionUnsafe(Completions.scala:500)
	at scala.meta.internal.pc.completions.Completions.completionPositionUnsafe$(Completions.scala:409)
	at scala.meta.internal.pc.MetalsGlobal.completionPositionUnsafe(MetalsGlobal.scala:29)
	at scala.meta.internal.pc.completions.Completions.completionPosition(Completions.scala:401)
	at scala.meta.internal.pc.completions.Completions.completionPosition$(Completions.scala:386)
	at scala.meta.internal.pc.MetalsGlobal.completionPosition(MetalsGlobal.scala:29)
	at scala.meta.internal.pc.CompletionProvider.safeCompletionsAt(CompletionProvider.scala:446)
	at scala.meta.internal.pc.CompletionProvider.completions(CompletionProvider.scala:57)
	at scala.meta.internal.pc.ScalaPresentationCompiler.$anonfun$complete$1(ScalaPresentationCompiler.scala:184)
	at scala.meta.internal.pc.CompilerAccess.withSharedCompiler(CompilerAccess.scala:137)
	at scala.meta.internal.pc.CompilerAccess.$anonfun$withInterruptableCompiler$1(CompilerAccess.scala:87)
	at scala.meta.internal.pc.CompilerAccess.$anonfun$onCompilerJobQueue$1(CompilerAccess.scala:197)
	at scala.meta.internal.pc.CompilerJobQueue$Job.run(CompilerJobQueue.scala:103)
	at java.util.concurrent.ThreadPoolExecutor.runWorker(ThreadPoolExecutor.java:1149)
	at java.util.concurrent.ThreadPoolExecutor$Worker.run(ThreadPoolExecutor.java:624)
	at java.lang.Thread.run(Thread.java:748)

Jan 16, 2021 4:16:46 PM scala.meta.internal.pc.completions.Completions completionPosition
SEVERE: null
java.lang.NullPointerException
	at scala.meta.internal.pc.completions.OverrideCompletions$OverrideCompletion.<init>(OverrideCompletions.scala:46)
	at scala.meta.internal.pc.completions.Completions.completionPositionUnsafe(Completions.scala:500)
	at scala.meta.internal.pc.completions.Completions.completionPositionUnsafe$(Completions.scala:409)
	at scala.meta.internal.pc.MetalsGlobal.completionPositionUnsafe(MetalsGlobal.scala:29)
	at scala.meta.internal.pc.completions.Completions.completionPosition(Completions.scala:401)
	at scala.meta.internal.pc.completions.Completions.completionPosition$(Completions.scala:386)
	at scala.meta.internal.pc.MetalsGlobal.completionPosition(MetalsGlobal.scala:29)
	at scala.meta.internal.pc.CompletionProvider.safeCompletionsAt(CompletionProvider.scala:446)
	at scala.meta.internal.pc.CompletionProvider.completions(CompletionProvider.scala:57)
	at scala.meta.internal.pc.ScalaPresentationCompiler.$anonfun$complete$1(ScalaPresentationCompiler.scala:184)
	at scala.meta.internal.pc.CompilerAccess.withSharedCompiler(CompilerAccess.scala:137)
	at scala.meta.internal.pc.CompilerAccess.$anonfun$withInterruptableCompiler$1(CompilerAccess.scala:87)
	at scala.meta.internal.pc.CompilerAccess.$anonfun$onCompilerJobQueue$1(CompilerAccess.scala:197)
	at scala.meta.internal.pc.CompilerJobQueue$Job.run(CompilerJobQueue.scala:103)
	at java.util.concurrent.ThreadPoolExecutor.runWorker(ThreadPoolExecutor.java:1149)
	at java.util.concurrent.ThreadPoolExecutor$Worker.run(ThreadPoolExecutor.java:624)
	at java.lang.Thread.run(Thread.java:748)

2021.01.16 16:20:54 INFO  compiling root (1 scala source)
2021.01.16 16:20:54 INFO  time: compiled root in 0.13s
2021.01.16 16:32:19 INFO  compiling root (1 scala source)
2021.01.16 16:32:19 INFO  time: compiled root in 0.12s
2021.01.16 16:33:42 INFO  compiling root (1 scala source)
2021.01.16 16:33:42 INFO  time: compiled root in 0.14s
2021.01.16 16:34:03 INFO  compiling root (2 scala sources)
2021.01.16 16:34:03 INFO  time: compiled root in 0.49s
2021.01.16 16:35:23 INFO  compiling root (2 scala sources)
2021.01.16 16:35:23 INFO  time: compiled root in 0.16s
2021.01.16 16:35:38 INFO  compiling root (2 scala sources)
2021.01.16 16:35:38 INFO  time: compiled root in 0.15s
2021.01.16 16:35:47 INFO  compiling root (2 scala sources)
2021.01.16 16:35:48 INFO  time: compiled root in 1.07s
2021.01.16 16:35:48 INFO  compiling root (1 scala source)
2021.01.16 16:35:48 INFO  time: compiled root in 0.13s
2021.01.16 16:35:51 INFO  compiling root (2 scala sources)
2021.01.16 16:35:53 INFO  time: compiled root in 1.52s
2021.01.16 16:35:53 INFO  compiling root (1 scala source)
2021.01.16 16:35:53 INFO  time: compiled root in 0.1s
2021.01.16 16:36:09 INFO  compiling root (2 scala sources)
2021.01.16 16:36:09 INFO  time: compiled root in 0.92s
2021.01.16 16:36:09 INFO  compiling root (1 scala source)
2021.01.16 16:36:10 INFO  time: compiled root in 0.11s
2021.01.16 16:36:17 INFO  compiling root (2 scala sources)
2021.01.16 16:36:17 INFO  time: compiled root in 0.83s
2021.01.16 16:36:17 INFO  compiling root (1 scala source)
2021.01.16 16:36:17 INFO  time: compiled root in 76ms
2021.01.16 16:36:32 INFO  compiling root (2 scala sources)
2021.01.16 16:36:32 INFO  time: compiled root in 0.79s
2021.01.16 16:36:32 INFO  compiling root (1 scala source)
2021.01.16 16:36:32 INFO  time: compiled root in 90ms
2021.01.16 16:38:46 INFO  compiling root (3 scala sources)
2021.01.16 16:38:46 INFO  time: compiled root in 0.17s
2021.01.16 16:38:46 INFO  compiling root (3 scala sources)
2021.01.16 16:38:46 INFO  time: compiled root in 0.11s
2021.01.16 16:39:36 INFO  compiling root (3 scala sources)
2021.01.16 16:39:36 INFO  time: compiled root in 0.15s
Jan 16, 2021 4:39:38 PM org.eclipse.lsp4j.jsonrpc.RemoteEndpoint handleCancellation
WARNING: Unmatched cancel notification for request id 2754
2021.01.16 16:40:34 INFO  compiling root (3 scala sources)
2021.01.16 16:40:34 INFO  time: compiled root in 0.8s
2021.01.16 16:40:34 INFO  compiling root (2 scala sources)
2021.01.16 16:40:34 INFO  time: compiled root in 0.1s
2021.01.16 16:43:20 INFO  compiling root (3 scala sources)
2021.01.16 16:43:20 INFO  time: compiled root in 0.79s
2021.01.16 16:43:20 INFO  compiling root (2 scala sources)
2021.01.16 16:43:20 INFO  time: compiled root in 95ms
2021.01.16 16:45:02 INFO  compiling root (3 scala sources)
2021.01.16 16:45:02 INFO  time: compiled root in 0.13s
Jan 16, 2021 4:46:32 PM scala.meta.internal.pc.completions.Completions completionPosition
SEVERE: null
java.lang.NullPointerException
	at scala.meta.internal.pc.completions.OverrideCompletions$OverrideCompletion.<init>(OverrideCompletions.scala:46)
	at scala.meta.internal.pc.completions.Completions.completionPositionUnsafe(Completions.scala:500)
	at scala.meta.internal.pc.completions.Completions.completionPositionUnsafe$(Completions.scala:409)
	at scala.meta.internal.pc.MetalsGlobal.completionPositionUnsafe(MetalsGlobal.scala:29)
	at scala.meta.internal.pc.completions.Completions.completionPosition(Completions.scala:401)
	at scala.meta.internal.pc.completions.Completions.completionPosition$(Completions.scala:386)
	at scala.meta.internal.pc.MetalsGlobal.completionPosition(MetalsGlobal.scala:29)
	at scala.meta.internal.pc.CompletionProvider.safeCompletionsAt(CompletionProvider.scala:446)
	at scala.meta.internal.pc.CompletionProvider.completions(CompletionProvider.scala:57)
	at scala.meta.internal.pc.ScalaPresentationCompiler.$anonfun$complete$1(ScalaPresentationCompiler.scala:184)
	at scala.meta.internal.pc.CompilerAccess.withSharedCompiler(CompilerAccess.scala:137)
	at scala.meta.internal.pc.CompilerAccess.$anonfun$withInterruptableCompiler$1(CompilerAccess.scala:87)
	at scala.meta.internal.pc.CompilerAccess.$anonfun$onCompilerJobQueue$1(CompilerAccess.scala:197)
	at scala.meta.internal.pc.CompilerJobQueue$Job.run(CompilerJobQueue.scala:103)
	at java.util.concurrent.ThreadPoolExecutor.runWorker(ThreadPoolExecutor.java:1149)
	at java.util.concurrent.ThreadPoolExecutor$Worker.run(ThreadPoolExecutor.java:624)
	at java.lang.Thread.run(Thread.java:748)

Jan 16, 2021 4:46:32 PM org.eclipse.lsp4j.jsonrpc.RemoteEndpoint handleCancellation
WARNING: Unmatched cancel notification for request id 3274
Jan 16, 2021 4:46:32 PM scala.meta.internal.pc.completions.Completions completionPosition
SEVERE: null
java.lang.NullPointerException
	at scala.meta.internal.pc.completions.OverrideCompletions$OverrideCompletion.<init>(OverrideCompletions.scala:46)
	at scala.meta.internal.pc.completions.Completions.completionPositionUnsafe(Completions.scala:500)
	at scala.meta.internal.pc.completions.Completions.completionPositionUnsafe$(Completions.scala:409)
	at scala.meta.internal.pc.MetalsGlobal.completionPositionUnsafe(MetalsGlobal.scala:29)
	at scala.meta.internal.pc.completions.Completions.completionPosition(Completions.scala:401)
	at scala.meta.internal.pc.completions.Completions.completionPosition$(Completions.scala:386)
	at scala.meta.internal.pc.MetalsGlobal.completionPosition(MetalsGlobal.scala:29)
	at scala.meta.internal.pc.CompletionProvider.safeCompletionsAt(CompletionProvider.scala:446)
	at scala.meta.internal.pc.CompletionProvider.completions(CompletionProvider.scala:57)
	at scala.meta.internal.pc.ScalaPresentationCompiler.$anonfun$complete$1(ScalaPresentationCompiler.scala:184)
	at scala.meta.internal.pc.CompilerAccess.withSharedCompiler(CompilerAccess.scala:137)
	at scala.meta.internal.pc.CompilerAccess.$anonfun$withInterruptableCompiler$1(CompilerAccess.scala:87)
	at scala.meta.internal.pc.CompilerAccess.$anonfun$onCompilerJobQueue$1(CompilerAccess.scala:197)
	at scala.meta.internal.pc.CompilerJobQueue$Job.run(CompilerJobQueue.scala:103)
	at java.util.concurrent.ThreadPoolExecutor.runWorker(ThreadPoolExecutor.java:1149)
	at java.util.concurrent.ThreadPoolExecutor$Worker.run(ThreadPoolExecutor.java:624)
	at java.lang.Thread.run(Thread.java:748)

Jan 16, 2021 4:46:32 PM scala.meta.internal.pc.completions.Completions completionPosition
SEVERE: null
java.lang.NullPointerException
	at scala.meta.internal.pc.completions.OverrideCompletions$OverrideCompletion.<init>(OverrideCompletions.scala:46)
	at scala.meta.internal.pc.completions.Completions.completionPositionUnsafe(Completions.scala:500)
	at scala.meta.internal.pc.completions.Completions.completionPositionUnsafe$(Completions.scala:409)
	at scala.meta.internal.pc.MetalsGlobal.completionPositionUnsafe(MetalsGlobal.scala:29)
	at scala.meta.internal.pc.completions.Completions.completionPosition(Completions.scala:401)
	at scala.meta.internal.pc.completions.Completions.completionPosition$(Completions.scala:386)
	at scala.meta.internal.pc.MetalsGlobal.completionPosition(MetalsGlobal.scala:29)
	at scala.meta.internal.pc.CompletionProvider.safeCompletionsAt(CompletionProvider.scala:446)
	at scala.meta.internal.pc.CompletionProvider.completions(CompletionProvider.scala:57)
	at scala.meta.internal.pc.ScalaPresentationCompiler.$anonfun$complete$1(ScalaPresentationCompiler.scala:184)
	at scala.meta.internal.pc.CompilerAccess.withSharedCompiler(CompilerAccess.scala:137)
	at scala.meta.internal.pc.CompilerAccess.$anonfun$withInterruptableCompiler$1(CompilerAccess.scala:87)
	at scala.meta.internal.pc.CompilerAccess.$anonfun$onCompilerJobQueue$1(CompilerAccess.scala:197)
	at scala.meta.internal.pc.CompilerJobQueue$Job.run(CompilerJobQueue.scala:103)
	at java.util.concurrent.ThreadPoolExecutor.runWorker(ThreadPoolExecutor.java:1149)
	at java.util.concurrent.ThreadPoolExecutor$Worker.run(ThreadPoolExecutor.java:624)
	at java.lang.Thread.run(Thread.java:748)

2021.01.16 16:49:12 INFO  compiling root (4 scala sources)
2021.01.16 16:49:12 INFO  time: compiled root in 0.22s
Jan 16, 2021 4:49:17 PM scala.meta.internal.pc.completions.Completions completionPosition
SEVERE: null
java.lang.NullPointerException
	at scala.meta.internal.pc.completions.OverrideCompletions$OverrideCompletion.<init>(OverrideCompletions.scala:46)
	at scala.meta.internal.pc.completions.Completions.completionPositionUnsafe(Completions.scala:500)
	at scala.meta.internal.pc.completions.Completions.completionPositionUnsafe$(Completions.scala:409)
	at scala.meta.internal.pc.MetalsGlobal.completionPositionUnsafe(MetalsGlobal.scala:29)
	at scala.meta.internal.pc.completions.Completions.completionPosition(Completions.scala:401)
	at scala.meta.internal.pc.completions.Completions.completionPosition$(Completions.scala:386)
	at scala.meta.internal.pc.MetalsGlobal.completionPosition(MetalsGlobal.scala:29)
	at scala.meta.internal.pc.CompletionProvider.safeCompletionsAt(CompletionProvider.scala:446)
	at scala.meta.internal.pc.CompletionProvider.completions(CompletionProvider.scala:57)
	at scala.meta.internal.pc.ScalaPresentationCompiler.$anonfun$complete$1(ScalaPresentationCompiler.scala:184)
	at scala.meta.internal.pc.CompilerAccess.withSharedCompiler(CompilerAccess.scala:137)
	at scala.meta.internal.pc.CompilerAccess.$anonfun$withInterruptableCompiler$1(CompilerAccess.scala:87)
	at scala.meta.internal.pc.CompilerAccess.$anonfun$onCompilerJobQueue$1(CompilerAccess.scala:197)
	at scala.meta.internal.pc.CompilerJobQueue$Job.run(CompilerJobQueue.scala:103)
	at java.util.concurrent.ThreadPoolExecutor.runWorker(ThreadPoolExecutor.java:1149)
	at java.util.concurrent.ThreadPoolExecutor$Worker.run(ThreadPoolExecutor.java:624)
	at java.lang.Thread.run(Thread.java:748)

Jan 16, 2021 4:49:18 PM scala.meta.internal.pc.completions.Completions completionPosition
SEVERE: null
java.lang.NullPointerException
	at scala.meta.internal.pc.completions.OverrideCompletions$OverrideCompletion.<init>(OverrideCompletions.scala:46)
	at scala.meta.internal.pc.completions.Completions.completionPositionUnsafe(Completions.scala:500)
	at scala.meta.internal.pc.completions.Completions.completionPositionUnsafe$(Completions.scala:409)
	at scala.meta.internal.pc.MetalsGlobal.completionPositionUnsafe(MetalsGlobal.scala:29)
	at scala.meta.internal.pc.completions.Completions.completionPosition(Completions.scala:401)
	at scala.meta.internal.pc.completions.Completions.completionPosition$(Completions.scala:386)
	at scala.meta.internal.pc.MetalsGlobal.completionPosition(MetalsGlobal.scala:29)
	at scala.meta.internal.pc.CompletionProvider.safeCompletionsAt(CompletionProvider.scala:446)
	at scala.meta.internal.pc.CompletionProvider.completions(CompletionProvider.scala:57)
	at scala.meta.internal.pc.ScalaPresentationCompiler.$anonfun$complete$1(ScalaPresentationCompiler.scala:184)
	at scala.meta.internal.pc.CompilerAccess.withSharedCompiler(CompilerAccess.scala:137)
	at scala.meta.internal.pc.CompilerAccess.$anonfun$withInterruptableCompiler$1(CompilerAccess.scala:87)
	at scala.meta.internal.pc.CompilerAccess.$anonfun$onCompilerJobQueue$1(CompilerAccess.scala:197)
	at scala.meta.internal.pc.CompilerJobQueue$Job.run(CompilerJobQueue.scala:103)
	at java.util.concurrent.ThreadPoolExecutor.runWorker(ThreadPoolExecutor.java:1149)
	at java.util.concurrent.ThreadPoolExecutor$Worker.run(ThreadPoolExecutor.java:624)
	at java.lang.Thread.run(Thread.java:748)

Jan 16, 2021 4:49:18 PM scala.meta.internal.pc.completions.Completions completionPosition
SEVERE: null
java.lang.NullPointerException
	at scala.meta.internal.pc.completions.OverrideCompletions$OverrideCompletion.<init>(OverrideCompletions.scala:46)
	at scala.meta.internal.pc.completions.Completions.completionPositionUnsafe(Completions.scala:500)
	at scala.meta.internal.pc.completions.Completions.completionPositionUnsafe$(Completions.scala:409)
	at scala.meta.internal.pc.MetalsGlobal.completionPositionUnsafe(MetalsGlobal.scala:29)
	at scala.meta.internal.pc.completions.Completions.completionPosition(Completions.scala:401)
	at scala.meta.internal.pc.completions.Completions.completionPosition$(Completions.scala:386)
	at scala.meta.internal.pc.MetalsGlobal.completionPosition(MetalsGlobal.scala:29)
	at scala.meta.internal.pc.CompletionProvider.safeCompletionsAt(CompletionProvider.scala:446)
	at scala.meta.internal.pc.CompletionProvider.completions(CompletionProvider.scala:57)
	at scala.meta.internal.pc.ScalaPresentationCompiler.$anonfun$complete$1(ScalaPresentationCompiler.scala:184)
	at scala.meta.internal.pc.CompilerAccess.withSharedCompiler(CompilerAccess.scala:137)
	at scala.meta.internal.pc.CompilerAccess.$anonfun$withInterruptableCompiler$1(CompilerAccess.scala:87)
	at scala.meta.internal.pc.CompilerAccess.$anonfun$onCompilerJobQueue$1(CompilerAccess.scala:197)
	at scala.meta.internal.pc.CompilerJobQueue$Job.run(CompilerJobQueue.scala:103)
	at java.util.concurrent.ThreadPoolExecutor.runWorker(ThreadPoolExecutor.java:1149)
	at java.util.concurrent.ThreadPoolExecutor$Worker.run(ThreadPoolExecutor.java:624)
	at java.lang.Thread.run(Thread.java:748)

2021.01.16 16:50:39 INFO  compiling root (4 scala sources)
2021.01.16 16:50:39 INFO  time: compiled root in 0.17s
2021.01.16 16:51:58 INFO  compiling root (4 scala sources)
2021.01.16 16:51:58 WARN  4 deprecations (since 2.13.0); re-run with -deprecation for details
2021.01.16 16:51:58 INFO  time: compiled root in 0.99s
2021.01.16 16:52:43 INFO  compiling root (1 scala source)
2021.01.16 16:52:43 WARN  4 deprecations (since 2.13.0); re-run with -deprecation for details
2021.01.16 16:52:43 INFO  time: compiled root in 0.68s
2021.01.16 16:56:37 INFO  compiling root (1 scala source)
2021.01.16 16:56:37 WARN  4 deprecations (since 2.13.0); re-run with -deprecation for details
2021.01.16 16:56:37 INFO  time: compiled root in 0.7s
2021.01.16 16:57:39 INFO  compiling root (1 scala source)
2021.01.16 16:57:39 INFO  time: compiled root in 0.1s
2021.01.16 16:57:51 INFO  compiling root (1 scala source)
2021.01.16 16:57:51 INFO  time: compiled root in 0.81s
2021.01.16 16:58:00 INFO  compiling root (1 scala source)
2021.01.16 16:58:00 INFO  time: compiled root in 0.95s
2021.01.16 16:58:18 INFO  compiling root (1 scala source)
2021.01.16 16:58:18 INFO  time: compiled root in 0.67s
2021.01.16 17:01:50 INFO  compiling root (1 scala source)
2021.01.16 17:01:50 WARN  4 deprecations (since 2.13.0); re-run with -deprecation for details
2021.01.16 17:01:50 INFO  time: compiled root in 0.71s
2021.01.16 17:04:46 INFO  compiling root (1 scala source)
2021.01.16 17:04:46 INFO  time: compiled root in 0.11s
2021.01.16 17:05:04 INFO  compiling root (1 scala source)
2021.01.16 17:05:04 INFO  time: compiled root in 0.63s
2021.01.16 17:05:04 INFO  compiling root (2 scala sources)
2021.01.16 17:05:04 INFO  time: compiled root in 68ms
2021.01.16 17:05:12 INFO  compiling root (1 scala source)
2021.01.16 17:05:12 INFO  time: compiled root in 0.63s
2021.01.16 17:05:12 INFO  compiling root (2 scala sources)
2021.01.16 17:05:12 INFO  time: compiled root in 93ms
2021.01.16 17:05:12 INFO  compiling root (1 scala source)
2021.01.16 17:05:12 INFO  time: compiled root in 0.15s
2021.01.16 17:05:12 INFO  compiling root (2 scala sources)
2021.01.16 17:05:12 INFO  time: compiled root in 76ms
2021.01.16 17:06:07 INFO  compiling root (2 scala sources)
2021.01.16 17:06:07 INFO  time: compiled root in 0.1s
2021.01.16 17:06:15 INFO  compiling root (2 scala sources)
2021.01.16 17:06:15 INFO  time: compiled root in 0.75s
2021.01.16 17:06:15 INFO  compiling root (2 scala sources)
2021.01.16 17:06:16 WARN  4 deprecations (since 2.13.0); re-run with -deprecation for details
2021.01.16 17:06:16 INFO  time: compiled root in 0.4s
2021.01.16 17:21:19 INFO  compiling root (1 scala source)
2021.01.16 17:21:19 INFO  time: compiled root in 0.12s
2021.01.16 17:21:19 INFO  compiling root (1 scala source)
2021.01.16 17:21:19 INFO  time: compiled root in 71ms
2021.01.16 17:22:05 INFO  compiling root (1 scala source)
2021.01.16 17:22:05 INFO  time: compiled root in 0.13s
2021.01.16 17:23:18 INFO  compiling root (2 scala sources)
2021.01.16 17:23:18 INFO  time: compiled root in 0.1s
2021.01.16 17:23:35 INFO  compiling root (2 scala sources)
2021.01.16 17:23:35 INFO  time: compiled root in 0.1s
2021.01.16 17:23:35 INFO  compiling root (2 scala sources)
2021.01.16 17:23:35 INFO  time: compiled root in 60ms
2021.01.16 17:24:32 INFO  compiling root (2 scala sources)
2021.01.16 17:24:32 INFO  time: compiled root in 73ms
2021.01.16 17:25:09 INFO  compiling root (2 scala sources)
2021.01.16 17:25:09 INFO  time: compiled root in 0.13s
2021.01.16 17:27:05 INFO  compiling root (2 scala sources)
2021.01.16 17:27:05 INFO  time: compiled root in 0.11s
2021.01.16 17:28:48 INFO  compiling root (2 scala sources)
2021.01.16 17:28:48 INFO  time: compiled root in 0.11s
2021.01.16 17:29:45 INFO  compiling root (2 scala sources)
2021.01.16 17:29:45 INFO  time: compiled root in 0.11s
2021.01.16 17:31:28 INFO  compiling root (2 scala sources)
2021.01.16 17:31:28 INFO  time: compiled root in 0.13s
2021.01.16 17:31:33 INFO  compiling root (2 scala sources)
2021.01.16 17:31:33 INFO  time: compiled root in 95ms
2021.01.16 17:31:33 INFO  compiling root (2 scala sources)
2021.01.16 17:31:33 INFO  time: compiled root in 57ms
2021.01.16 17:31:49 INFO  compiling root (2 scala sources)
2021.01.16 17:31:49 INFO  time: compiled root in 0.16s
2021.01.16 17:32:15 INFO  compiling root (2 scala sources)
2021.01.16 17:32:16 WARN  4 deprecations (since 2.13.0); re-run with -deprecation for details
2021.01.16 17:32:16 INFO  time: compiled root in 1.35s
2021.01.16 17:34:16 INFO  compiling root (1 scala source)
2021.01.16 17:34:16 WARN  4 deprecations (since 2.13.0); re-run with -deprecation for details
2021.01.16 17:34:16 INFO  time: compiled root in 0.7s
2021.01.16 17:34:42 INFO  compiling root (1 scala source)
2021.01.16 17:34:42 WARN  4 deprecations (since 2.13.0); re-run with -deprecation for details
2021.01.16 17:34:42 INFO  time: compiled root in 0.66s
2021.01.16 17:40:21 INFO  compiling root (1 scala source)
2021.01.16 17:40:21 WARN  4 deprecations (since 2.13.0); re-run with -deprecation for details
2021.01.16 17:40:21 INFO  time: compiled root in 0.64s
2021.01.16 17:46:54 INFO  compiling root (1 scala source)
2021.01.16 17:46:54 WARN  4 deprecations (since 2.13.0); re-run with -deprecation for details
2021.01.16 17:46:54 INFO  time: compiled root in 0.71s
2021.01.16 17:49:43 INFO  compiling root (1 scala source)
2021.01.16 17:49:43 WARN  4 deprecations (since 2.13.0); re-run with -deprecation for details
2021.01.16 17:49:43 INFO  time: compiled root in 0.64s
2021.01.16 17:50:51 INFO  compiling root (1 scala source)
2021.01.16 17:50:51 INFO  time: compiled root in 0.11s
2021.01.16 17:50:51 INFO  compiling root (1 scala source)
2021.01.16 17:50:51 INFO  time: compiled root in 54ms
2021.01.16 17:51:06 INFO  compiling root (1 scala source)
2021.01.16 17:51:06 WARN  4 deprecations (since 2.13.0); re-run with -deprecation for details
2021.01.16 17:51:06 INFO  time: compiled root in 0.71s
2021.01.16 17:53:45 INFO  compiling root (1 scala source)
2021.01.16 17:53:45 WARN  4 deprecations (since 2.13.0); re-run with -deprecation for details
2021.01.16 17:53:45 INFO  time: compiled root in 0.62s
2021.01.16 17:55:32 INFO  compiling root (1 scala source)
2021.01.16 17:55:32 WARN  4 deprecations (since 2.13.0); re-run with -deprecation for details
2021.01.16 17:55:32 INFO  time: compiled root in 0.68s
2021.01.16 17:59:30 INFO  compiling root (1 scala source)
2021.01.16 17:59:30 WARN  4 deprecations (since 2.13.0); re-run with -deprecation for details
2021.01.16 17:59:30 INFO  time: compiled root in 0.94s
2021.01.16 18:04:45 INFO  compiling root (1 scala source)
2021.01.16 18:04:45 WARN  4 deprecations (since 2.13.0); re-run with -deprecation for details
2021.01.16 18:04:45 INFO  time: compiled root in 0.66s
